-------------------------------------------------------------------------------
Test set: dhl.Database.CreatePlayerTest
-------------------------------------------------------------------------------
Tests run: 2, Failures: 0, Errors: 1, Skipped: 0, Time elapsed: 2.781 s <<< FAILURE! - in dhl.Database.CreatePlayerTest
dhl.Database.CreatePlayerTest.executeProcedureTest  Time elapsed: 2.775 s  <<< ERROR!
java.sql.SQLIntegrityConstraintViolationException: Cannot add or update a child row: a foreign key constraint fails (`CSCI5308_1_DEVINT`.`player`, CONSTRAINT `fk_player_team` FOREIGN KEY (`team_id`) REFERENCES `team` (`id`) ON DELETE NO ACTION ON UPDATE NO ACTION)
	at dhl.Database.CreatePlayerTest.executeProcedureTest(CreatePlayerTest.java:25)

