-------------------------------------------------------------------------------
Test set: dhl.Database.CheckLeagueTest
-------------------------------------------------------------------------------
Tests run: 2, Failures: 1, Errors: 0, Skipped: 0, Time elapsed: 3.542 s <<< FAILURE! - in dhl.Database.CheckLeagueTest
dhl.Database.CheckLeagueTest.executeProcedureTest  Time elapsed: 3.482 s  <<< FAILURE!
org.opentest4j.AssertionFailedError: expected: <true> but was: <false>
	at dhl.Database.CheckLeagueTest.executeProcedureTest(CheckLeagueTest.java:25)

