<?xml version="1.0" encoding="UTF-8"?>
<testsuite xmlns:xsi="http://www.w3.org/2001/XMLSchema-instance" xsi:noNamespaceSchemaLocation="https://maven.apache.org/surefire/maven-surefire-plugin/xsd/surefire-test-report-3.0.xsd" version="3.0" name="dhl.presentation.userAcceptRejectTest" time="0.008" tests="1" errors="0" skipped="0" failures="0">
  <properties>
[...]
</properties>
  <testcase name="userAcceptRejectTradeTest" classname="dhl.presentation.userAcceptRejectTest" time="0.007">
    <system-out><![CDATA[User Players
****************************************************************************
Name     Age  Position  Captain  Checking  Saving  Shooting  Skating  Strength
Player1   25   forward     true        15      15        15       15      0.00
Player2   25   forward    false        15      15        15       15      0.00
****************************************************************************

AI Players
****************************************************************************
Name     Age  Position  Captain  Checking  Saving  Shooting  Skating  Strength
Player1   25   forward     true        15      15        15       15      0.00
Player2   25   forward    false        15      15        15       15      0.00
****************************************************************************
]]></system-out>
  </testcase>
</testsuite>