<?xml version="1.0" encoding="UTF-8"?>
<testsuite xmlns:xsi="http://www.w3.org/2001/XMLSchema-instance" xsi:noNamespaceSchemaLocation="https://maven.apache.org/surefire/maven-surefire-plugin/xsd/surefire-test-report-3.0.xsd" version="3.0" name="dhl.persistence.database.GetFreeManagerTest" time="0.121" tests="1" errors="0" skipped="0" failures="0">
  <properties>
[...]
</properties>
  <testcase name="executeProcedureTest" classname="dhl.persistence.database.GetFreeManagerTest" time="0.121">
    <system-out><![CDATA[ID: 1, Name: Nancy Thomson, League ID: 1
ID: 2, Name: Pat Hawkey, League ID: 1
ID: 3, Name: Rob Smith, League ID: 1
ID: 4, Name: Mike Hawkey, League ID: 1
ID: 5, Name: Walter Hawkey, League ID: 1
ID: 6, Name: Tina Nelson, League ID: 1
ID: 7, Name: Mohammed Khatri, League ID: 1
ID: 8, Name: Bonnie Morrison, League ID: 1
ID: 9, Name: Raghav Liu, League ID: 1
ID: 10, Name: Rob Bishop, League ID: 1
ID: 11, Name: Tina Singh, League ID: 1
ID: 12, Name: Abraham Singh, League ID: 1
ID: 13, Name: Wen Samson, League ID: 1
ID: 14, Name: Roger Hawkey, League ID: 1
ID: 15, Name: Prashant Fei, League ID: 1
ID: 16, Name: Mary Chang, League ID: 1
ID: 17, Name: Abraham Wu, League ID: 1
ID: 18, Name: Zongming Khatri, League ID: 1
ID: 19, Name: Mike Hawkins, League ID: 1
ID: 20, Name: Mike Liu, League ID: 1
ID: 21, Name: Pat Hawkins, League ID: 1
ID: 22, Name: John Cherry, League ID: 1
ID: 23, Name: Rob Smith, League ID: 1
ID: 24, Name: Tami Chang, League ID: 1
ID: 25, Name: Walter Morrison, League ID: 1
ID: 26, Name: Mary Smith, League ID: 1
ID: 27, Name: Tina Williamson, League ID: 1
ID: 28, Name: John Hawkins, League ID: 1
ID: 29, Name: Tina Singh, League ID: 1
ID: 30, Name: John Thomson, League ID: 1
ID: 31, Name: Nancy Greenbaum, League ID: 1
ID: 32, Name: Raghav Burbchuk, League ID: 1
ID: 33, Name: John Samson, League ID: 1
ID: 34, Name: Pat Smith, League ID: 1
ID: 35, Name: Rob Williamson, League ID: 1
ID: 36, Name: Roger Cherry, League ID: 1
ID: 37, Name: Tami Burbchuk, League ID: 1
ID: 38, Name: Mike Hawkey, League ID: 1
ID: 39, Name: Sammy Bishop, League ID: 1
ID: 40, Name: Sammy Bishop, League ID: 1
ID: 41, Name: Bonnie Singh, League ID: 1
ID: 42, Name: Zongming Singh, League ID: 1
ID: 43, Name: Mary Greenbaum, League ID: 1
ID: 44, Name: Nancy Bishop, League ID: 1
ID: 45, Name: Mike Greenbaum, League ID: 1
ID: 46, Name: Chris Halen, League ID: 1
ID: 47, Name: Pat Thomson, League ID: 1
ID: 48, Name: Roger Cherry, League ID: 1
ID: 49, Name: Abraham Wu, League ID: 1
ID: 50, Name: John Halen, League ID: 1
ID: 51, Name: Bonnie Nelson, League ID: 1
ID: 52, Name: Zongming Morrison, League ID: 1
ID: 53, Name: Wen Cherry, League ID: 1
ID: 54, Name: Pat Halen, League ID: 1
ID: 55, Name: Sammy Singh, League ID: 1
ID: 56, Name: Sammy Halen, League ID: 1
ID: 57, Name: Tina Khatri, League ID: 1
ID: 58, Name: Sammy Liu, League ID: 1
ID: 59, Name: Tina Khatri, League ID: 1
ID: 60, Name: Mary Singh, League ID: 1
ID: 61, Name: Tina Samson, League ID: 1
ID: 62, Name: Abraham Williamson, League ID: 1
ID: 63, Name: John Williamson, League ID: 1
ID: 64, Name: Abraham Nelson, League ID: 1
ID: 65, Name: Tami Fei, League ID: 1
ID: 66, Name: Chris Williamson, League ID: 1
ID: 67, Name: John Liu, League ID: 1
ID: 68, Name: Rob Burbchuk, League ID: 1
ID: 69, Name: Rob Singh, League ID: 1
ID: 70, Name: Walter Thomson, League ID: 1
ID: 71, Name: Chris Smith, League ID: 1
ID: 72, Name: Abraham Greenbaum, League ID: 1
ID: 73, Name: Tina Nelson, League ID: 1
ID: 74, Name: Prashant Samson, League ID: 1
ID: 75, Name: Bonnie Nelson, League ID: 1
ID: 76, Name: Mary Wu, League ID: 1
ID: 77, Name: Chris Marley, League ID: 1
ID: 78, Name: Hardik Halen, League ID: 1
ID: 79, Name: Fred Hawkins, League ID: 1
ID: 80, Name: Roger Bishop, League ID: 1
ID: 81, Name: Bonnie Thomson, League ID: 1
ID: 82, Name: Zongming Thomson, League ID: 1
ID: 83, Name: Raghav Marley, League ID: 1
ID: 84, Name: Mike Patel, League ID: 1
ID: 85, Name: Roger Williamson, League ID: 1
ID: 86, Name: Tami Hawkins, League ID: 1
ID: 87, Name: Mike Burbchuk, League ID: 1
ID: 88, Name: Wen Nelson, League ID: 1
ID: 89, Name: Tina Bishop, League ID: 1
ID: 90, Name: John Singh, League ID: 1
ID: 91, Name: Don Bishop, League ID: 1
ID: 92, Name: Rashita Hawkey, League ID: 1
ID: 93, Name: John Liu, League ID: 1
ID: 94, Name: Fred Nelson, League ID: 1
ID: 95, Name: Mohammed Samson, League ID: 1
ID: 96, Name: Hardik Hawkins, League ID: 1
]]></system-out>
  </testcase>
</testsuite>