<?xml version="1.0" encoding="UTF-8"?>
<testsuite xmlns:xsi="http://www.w3.org/2001/XMLSchema-instance" xsi:noNamespaceSchemaLocation="https://maven.apache.org/surefire/maven-surefire-plugin/xsd/surefire-test-report-3.0.xsd" version="3.0" name="dhl.persistence.database.GetFreeCoachTest" time="0.152" tests="1" errors="0" skipped="0" failures="0">
  <properties>
[...]
</properties>
  <testcase name="executeProcedureTest" classname="dhl.persistence.database.GetFreeCoachTest" time="0.151">
    <system-out><![CDATA[ID: 1, Name: Rashita Chang, Skating: 0.61, Shooting: 0.94, Checking: 0.94, Saving: 0.59, League ID: 1
ID: 2, Name: Rashita Wu, Skating: 0.41, Shooting: 0.9, Checking: 0.78, Saving: 0.89, League ID: 1
ID: 3, Name: Nancy Samson, Skating: 0.53, Shooting: 0.41, Checking: 0.84, Saving: 0.88, League ID: 1
ID: 4, Name: Nancy Patel, Skating: 0.9, Shooting: 0.97, Checking: 0.85, Saving: 0.69, League ID: 1
ID: 5, Name: Mohammed Greenbaum, Skating: 0.62, Shooting: 0.14, Checking: 0.96, Saving: 0.62, League ID: 1
ID: 6, Name: Tina Halen, Skating: 0.24, Shooting: 0.14, Checking: 0.75, Saving: 0.97, League ID: 1
ID: 7, Name: Zongming Bishop, Skating: 0.0, Shooting: 0.6, Checking: 0.76, Saving: 0.59, League ID: 1
ID: 8, Name: Don Wu, Skating: 0.51, Shooting: 0.2, Checking: 0.72, Saving: 0.45, League ID: 1
ID: 9, Name: Fred Burbchuk, Skating: 0.61, Shooting: 0.76, Checking: 0.6, Saving: 0.49, League ID: 1
ID: 10, Name: Abraham Greenbaum, Skating: 0.84, Shooting: 0.98, Checking: 0.31, Saving: 0.03, League ID: 1
ID: 11, Name: Mohammed Smith, Skating: 0.85, Shooting: 0.68, Checking: 0.4, Saving: 1.0, League ID: 1
ID: 12, Name: Walter Thomson, Skating: 0.86, Shooting: 0.14, Checking: 0.97, Saving: 0.14, League ID: 1
ID: 13, Name: John Patel, Skating: 0.47, Shooting: 0.25, Checking: 0.08, Saving: 0.64, League ID: 1
ID: 14, Name: Pat Morrison, Skating: 0.2, Shooting: 0.62, Checking: 0.87, Saving: 0.85, League ID: 1
ID: 15, Name: Sammy Chang, Skating: 0.33, Shooting: 0.52, Checking: 0.05, Saving: 0.77, League ID: 1
ID: 16, Name: Prashant Patel, Skating: 0.36, Shooting: 0.27, Checking: 0.27, Saving: 0.65, League ID: 1
ID: 17, Name: Roger Singh, Skating: 0.33, Shooting: 0.53, Checking: 0.94, Saving: 0.75, League ID: 1
ID: 18, Name: Tami Bishop, Skating: 0.08, Shooting: 0.95, Checking: 1.0, Saving: 0.77, League ID: 1
ID: 19, Name: Mohammed Hawkins, Skating: 0.57, Shooting: 0.38, Checking: 0.94, Saving: 0.86, League ID: 1
ID: 20, Name: Nancy Bishop, Skating: 0.09, Shooting: 0.27, Checking: 0.29, Saving: 0.96, League ID: 1
ID: 21, Name: Chris Cherry, Skating: 0.46, Shooting: 0.74, Checking: 0.26, Saving: 0.59, League ID: 1
ID: 22, Name: Bonnie Khatri, Skating: 0.34, Shooting: 0.62, Checking: 0.85, Saving: 0.34, League ID: 1
ID: 23, Name: Prashant Cherry, Skating: 0.18, Shooting: 0.83, Checking: 0.25, Saving: 0.18, League ID: 1
ID: 24, Name: Raghav Burbchuk, Skating: 0.35, Shooting: 0.49, Checking: 0.02, Saving: 0.61, League ID: 1
ID: 25, Name: Bonnie Singh, Skating: 0.05, Shooting: 0.81, Checking: 0.76, Saving: 0.53, League ID: 1
ID: 26, Name: Wen Chang, Skating: 0.06, Shooting: 0.3, Checking: 0.19, Saving: 0.39, League ID: 1
ID: 27, Name: Pat Morrison, Skating: 0.25, Shooting: 0.23, Checking: 0.96, Saving: 0.5, League ID: 1
ID: 28, Name: Hardik Hawkey, Skating: 0.39, Shooting: 0.57, Checking: 0.03, Saving: 0.57, League ID: 1
ID: 29, Name: Fred Smith, Skating: 0.93, Shooting: 0.06, Checking: 0.13, Saving: 0.6, League ID: 1
ID: 30, Name: Fred Hawkey, Skating: 0.54, Shooting: 0.63, Checking: 0.23, Saving: 0.39, League ID: 1
ID: 31, Name: Tami Bishop, Skating: 0.2, Shooting: 0.72, Checking: 0.98, Saving: 0.79, League ID: 1
ID: 32, Name: Abraham Cherry, Skating: 0.68, Shooting: 0.55, Checking: 0.96, Saving: 0.87, League ID: 1
ID: 33, Name: Mary Samson, Skating: 0.84, Shooting: 0.23, Checking: 0.26, Saving: 0.84, League ID: 1
ID: 34, Name: Fred Nelson, Skating: 0.17, Shooting: 0.96, Checking: 0.06, Saving: 0.17, League ID: 1
ID: 35, Name: Rashita Marley, Skating: 0.36, Shooting: 0.7, Checking: 0.97, Saving: 0.78, League ID: 1
ID: 36, Name: Tami Samson, Skating: 0.6, Shooting: 0.19, Checking: 0.79, Saving: 0.75, League ID: 1
ID: 37, Name: Mike Khatri, Skating: 0.5, Shooting: 0.87, Checking: 0.63, Saving: 1.0, League ID: 1
ID: 38, Name: Sammy Marley, Skating: 0.96, Shooting: 0.6, Checking: 0.05, Saving: 0.21, League ID: 1
ID: 39, Name: Bonnie Marley, Skating: 0.27, Shooting: 0.82, Checking: 0.76, Saving: 0.95, League ID: 1
ID: 40, Name: Tami Nelson, Skating: 0.24, Shooting: 0.76, Checking: 0.88, Saving: 0.73, League ID: 1
ID: 41, Name: Prashant Khatri, Skating: 0.01, Shooting: 0.7, Checking: 0.89, Saving: 0.22, League ID: 1
ID: 42, Name: Tina Patel, Skating: 0.44, Shooting: 0.8, Checking: 0.74, Saving: 0.38, League ID: 1
ID: 43, Name: Bonnie Thomson, Skating: 0.73, Shooting: 0.65, Checking: 0.56, Saving: 0.81, League ID: 1
ID: 44, Name: Abraham Morrison, Skating: 0.0, Shooting: 0.01, Checking: 0.96, Saving: 0.02, League ID: 1
ID: 45, Name: Tina Samson, Skating: 0.45, Shooting: 0.37, Checking: 0.05, Saving: 0.08, League ID: 1
ID: 46, Name: Mary Marley, Skating: 0.17, Shooting: 0.25, Checking: 0.99, Saving: 0.45, League ID: 1
ID: 47, Name: Mohammed Singh, Skating: 0.22, Shooting: 0.18, Checking: 0.88, Saving: 0.69, League ID: 1
ID: 48, Name: Sammy Hawkins, Skating: 0.59, Shooting: 0.36, Checking: 0.12, Saving: 0.29, League ID: 1
ID: 49, Name: Zongming Khatri, Skating: 0.89, Shooting: 0.45, Checking: 0.47, Saving: 0.63, League ID: 1
ID: 50, Name: Wen Bishop, Skating: 0.62, Shooting: 1.0, Checking: 0.1, Saving: 0.7, League ID: 1
ID: 51, Name: Walter Liu, Skating: 0.28, Shooting: 0.0, Checking: 0.44, Saving: 0.1, League ID: 1
ID: 52, Name: Raghav Samson, Skating: 0.61, Shooting: 0.66, Checking: 0.46, Saving: 0.18, League ID: 1
ID: 53, Name: Mohammed Cherry, Skating: 0.78, Shooting: 0.18, Checking: 0.73, Saving: 0.99, League ID: 1
ID: 54, Name: Nancy Bishop, Skating: 0.33, Shooting: 0.66, Checking: 0.67, Saving: 0.35, League ID: 1
ID: 55, Name: Zongming Fei, Skating: 0.48, Shooting: 0.59, Checking: 0.65, Saving: 0.65, League ID: 1
ID: 56, Name: Hardik Khatri, Skating: 0.4, Shooting: 0.39, Checking: 0.88, Saving: 0.62, League ID: 1
ID: 57, Name: Mohammed Nelson, Skating: 0.43, Shooting: 0.02, Checking: 0.26, Saving: 0.52, League ID: 1
ID: 58, Name: Prashant Patel, Skating: 0.69, Shooting: 0.43, Checking: 0.54, Saving: 0.92, League ID: 1
ID: 59, Name: Roger Wu, Skating: 0.09, Shooting: 0.07, Checking: 0.47, Saving: 0.06, League ID: 1
ID: 60, Name: Nancy Williamson, Skating: 0.47, Shooting: 0.95, Checking: 0.53, Saving: 0.89, League ID: 1
ID: 61, Name: Hardik Hawkins, Skating: 0.56, Shooting: 0.72, Checking: 0.54, Saving: 0.44, League ID: 1
ID: 62, Name: John Patel, Skating: 0.26, Shooting: 0.45, Checking: 0.44, Saving: 0.57, League ID: 1
ID: 63, Name: Wen Hawkey, Skating: 0.7, Shooting: 0.18, Checking: 0.98, Saving: 0.07, League ID: 1
ID: 64, Name: Tami Samson, Skating: 0.06, Shooting: 0.35, Checking: 0.45, Saving: 0.43, League ID: 1
ID: 65, Name: Bonnie Khatri, Skating: 0.77, Shooting: 0.86, Checking: 0.56, Saving: 0.71, League ID: 1
ID: 66, Name: Rashita Fei, Skating: 0.05, Shooting: 0.12, Checking: 0.14, Saving: 0.45, League ID: 1
ID: 67, Name: Sammy Burbchuk, Skating: 0.66, Shooting: 0.02, Checking: 0.86, Saving: 0.13, League ID: 1
ID: 68, Name: Fred Singh, Skating: 0.7, Shooting: 0.31, Checking: 0.25, Saving: 0.1, League ID: 1
ID: 69, Name: Abraham Smith, Skating: 0.11, Shooting: 0.81, Checking: 0.61, Saving: 0.35, League ID: 1
ID: 70, Name: Nancy Bishop, Skating: 0.36, Shooting: 0.88, Checking: 0.65, Saving: 0.83, League ID: 1
ID: 71, Name: Fred Chang, Skating: 0.99, Shooting: 0.36, Checking: 0.03, Saving: 0.84, League ID: 1
ID: 72, Name: Rob Singh, Skating: 0.43, Shooting: 0.38, Checking: 0.88, Saving: 0.14, League ID: 1
ID: 73, Name: Pat Khatri, Skating: 0.88, Shooting: 0.66, Checking: 0.47, Saving: 0.07, League ID: 1
ID: 74, Name: Tina Burbchuk, Skating: 0.48, Shooting: 0.22, Checking: 0.85, Saving: 0.81, League ID: 1
]]></system-out>
  </testcase>
</testsuite>