<?xml version="1.0" encoding="UTF-8"?>
<testsuite xmlns:xsi="http://www.w3.org/2001/XMLSchema-instance" xsi:noNamespaceSchemaLocation="https://maven.apache.org/surefire/maven-surefire-plugin/xsd/surefire-test-report-3.0.xsd" version="3.0" name="dhl.LoadLeagueFromDatabaseTest" time="138.865" tests="1" errors="0" skipped="0" failures="0">
  <properties>
[...]
</properties>
  <testcase name="loadLeagueFromDatabaseTest" classname="dhl.LoadLeagueFromDatabaseTest" time="138.864">
    <system-out><![CDATA[{
  "leagueName" : "Dalhousie Hockey League",
  "conferences" : [ {
    "conferenceName" : "Eastern Conference",
    "divisions" : [ {
      "divisionName" : "Pacific",
      "teams" : [ {
        "teamName" : "Detroit Warriors",
        "generalManager" : "Don Chang",
        "headCoach" : {
          "name" : "Rob Hawkins",
          "skating" : 0.77,
          "shooting" : 0.8,
          "checking" : 0.36,
          "saving" : 0.11
        },
        "players" : [ {
          "playerName" : "John Fei",
          "position" : "forward",
          "captain" : false,
          "skating" : 3,
          "shooting" : 4,
          "checking" : 14,
          "saving" : 1,
          "age" : 20,
          "daysToAge" : 1,
          "strength" : 0.0,
          "injuredDays" : 0,
          "injured" : false,
          "retired" : false
        }, {
          "playerName" : "Raghav Samson",
          "position" : "forward",
          "captain" : false,
          "skating" : 12,
          "shooting" : 7,
          "checking" : 6,
          "saving" : 9,
          "age" : 31,
          "daysToAge" : 1,
          "strength" : 0.0,
          "injuredDays" : 0,
          "injured" : false,
          "retired" : false
        }, {
          "playerName" : "Abraham Wu",
          "position" : "forward",
          "captain" : true,
          "skating" : 3,
          "shooting" : 13,
          "checking" : 10,
          "saving" : 4,
          "age" : 24,
          "daysToAge" : 1,
          "strength" : 0.0,
          "injuredDays" : 0,
          "injured" : false,
          "retired" : false
        }, {
          "playerName" : "Nancy Patel",
          "position" : "forward",
          "captain" : false,
          "skating" : 14,
          "shooting" : 12,
          "checking" : 13,
          "saving" : 8,
          "age" : 22,
          "daysToAge" : 1,
          "strength" : 0.0,
          "injuredDays" : 0,
          "injured" : false,
          "retired" : false
        }, {
          "playerName" : "Chris Smith",
          "position" : "forward",
          "captain" : false,
          "skating" : 10,
          "shooting" : 1,
          "checking" : 13,
          "saving" : 7,
          "age" : 25,
          "daysToAge" : 1,
          "strength" : 0.0,
          "injuredDays" : 0,
          "injured" : false,
          "retired" : false
        }, {
          "playerName" : "Rob Halen",
          "position" : "forward",
          "captain" : false,
          "skating" : 19,
          "shooting" : 2,
          "checking" : 13,
          "saving" : 13,
          "age" : 30,
          "daysToAge" : 1,
          "strength" : 0.0,
          "injuredDays" : 0,
          "injured" : false,
          "retired" : false
        }, {
          "playerName" : "Rashita Bishop",
          "position" : "forward",
          "captain" : false,
          "skating" : 5,
          "shooting" : 13,
          "checking" : 14,
          "saving" : 16,
          "age" : 19,
          "daysToAge" : 1,
          "strength" : 0.0,
          "injuredDays" : 0,
          "injured" : false,
          "retired" : false
        }, {
          "playerName" : "Wen Fei",
          "position" : "forward",
          "captain" : false,
          "skating" : 13,
          "shooting" : 3,
          "checking" : 20,
          "saving" : 13,
          "age" : 34,
          "daysToAge" : 1,
          "strength" : 0.0,
          "injuredDays" : 0,
          "injured" : false,
          "retired" : false
        }, {
          "playerName" : "Raghav Thomson",
          "position" : "forward",
          "captain" : false,
          "skating" : 4,
          "shooting" : 20,
          "checking" : 14,
          "saving" : 2,
          "age" : 33,
          "daysToAge" : 1,
          "strength" : 0.0,
          "injuredDays" : 0,
          "injured" : false,
          "retired" : false
        }, {
          "playerName" : "Mike Khatri",
          "position" : "defense",
          "captain" : false,
          "skating" : 15,
          "shooting" : 3,
          "checking" : 18,
          "saving" : 11,
          "age" : 31,
          "daysToAge" : 1,
          "strength" : 0.0,
          "injuredDays" : 0,
          "injured" : false,
          "retired" : false
        }, {
          "playerName" : "John Smith",
          "position" : "defense",
          "captain" : false,
          "skating" : 1,
          "shooting" : 17,
          "checking" : 17,
          "saving" : 6,
          "age" : 31,
          "daysToAge" : 1,
          "strength" : 0.0,
          "injuredDays" : 0,
          "injured" : false,
          "retired" : false
        }, {
          "playerName" : "Zongming Nelson",
          "position" : "defense",
          "captain" : false,
          "skating" : 6,
          "shooting" : 9,
          "checking" : 11,
          "saving" : 5,
          "age" : 34,
          "daysToAge" : 1,
          "strength" : 0.0,
          "injuredDays" : 0,
          "injured" : false,
          "retired" : false
        }, {
          "playerName" : "Wen Khatri",
          "position" : "defense",
          "captain" : false,
          "skating" : 3,
          "shooting" : 7,
          "checking" : 20,
          "saving" : 20,
          "age" : 19,
          "daysToAge" : 1,
          "strength" : 0.0,
          "injuredDays" : 0,
          "injured" : false,
          "retired" : false
        }, {
          "playerName" : "Pat Nelson",
          "position" : "defense",
          "captain" : false,
          "skating" : 18,
          "shooting" : 4,
          "checking" : 14,
          "saving" : 18,
          "age" : 20,
          "daysToAge" : 1,
          "strength" : 0.0,
          "injuredDays" : 0,
          "injured" : false,
          "retired" : false
        }, {
          "playerName" : "John Hawkins",
          "position" : "defense",
          "captain" : false,
          "skating" : 12,
          "shooting" : 10,
          "checking" : 18,
          "saving" : 13,
          "age" : 19,
          "daysToAge" : 1,
          "strength" : 0.0,
          "injuredDays" : 0,
          "injured" : false,
          "retired" : false
        }, {
          "playerName" : "Wen Cherry",
          "position" : "defense",
          "captain" : false,
          "skating" : 8,
          "shooting" : 12,
          "checking" : 1,
          "saving" : 4,
          "age" : 21,
          "daysToAge" : 1,
          "strength" : 0.0,
          "injuredDays" : 0,
          "injured" : false,
          "retired" : false
        }, {
          "playerName" : "Chris Chang",
          "position" : "defense",
          "captain" : false,
          "skating" : 9,
          "shooting" : 20,
          "checking" : 19,
          "saving" : 1,
          "age" : 31,
          "daysToAge" : 1,
          "strength" : 0.0,
          "injuredDays" : 0,
          "injured" : false,
          "retired" : false
        }, {
          "playerName" : "Walter Hawkey",
          "position" : "forward",
          "captain" : false,
          "skating" : 12,
          "shooting" : 17,
          "checking" : 15,
          "saving" : 7,
          "age" : 31,
          "daysToAge" : 1,
          "strength" : 0.0,
          "injuredDays" : 0,
          "injured" : false,
          "retired" : false
        }, {
          "playerName" : "Tami Fei",
          "position" : "goalie",
          "captain" : false,
          "skating" : 1,
          "shooting" : 11,
          "checking" : 2,
          "saving" : 15,
          "age" : 33,
          "daysToAge" : 1,
          "strength" : 0.0,
          "injuredDays" : 0,
          "injured" : false,
          "retired" : false
        }, {
          "playerName" : "Mohammed Smith",
          "position" : "forward",
          "captain" : false,
          "skating" : 2,
          "shooting" : 14,
          "checking" : 18,
          "saving" : 8,
          "age" : 22,
          "daysToAge" : 1,
          "strength" : 0.0,
          "injuredDays" : 0,
          "injured" : false,
          "retired" : false
        } ],
        "teamType" : "ai",
        "lossPoints" : 0,
        "teamStrength" : 0.0
      }, {
        "teamName" : "Toronto Bobcats",
        "generalManager" : "Rob Hawkins",
        "headCoach" : {
          "name" : "Head1",
          "skating" : 13.0,
          "shooting" : 14.0,
          "checking" : 15.0,
          "saving" : 15.0
        },
        "players" : [ {
          "playerName" : "Mary Fei",
          "position" : "forward",
          "captain" : false,
          "skating" : 17,
          "shooting" : 3,
          "checking" : 10,
          "saving" : 20,
          "age" : 30,
          "daysToAge" : 1,
          "strength" : 0.0,
          "injuredDays" : 0,
          "injured" : false,
          "retired" : false
        }, {
          "playerName" : "Hardik Nelson",
          "position" : "forward",
          "captain" : false,
          "skating" : 13,
          "shooting" : 2,
          "checking" : 11,
          "saving" : 6,
          "age" : 24,
          "daysToAge" : 1,
          "strength" : 0.0,
          "injuredDays" : 0,
          "injured" : false,
          "retired" : false
        }, {
          "playerName" : "Hardik Singh",
          "position" : "forward",
          "captain" : false,
          "skating" : 14,
          "shooting" : 5,
          "checking" : 5,
          "saving" : 18,
          "age" : 26,
          "daysToAge" : 1,
          "strength" : 0.0,
          "injuredDays" : 0,
          "injured" : false,
          "retired" : false
        }, {
          "playerName" : "Mohammed Halen",
          "position" : "forward",
          "captain" : false,
          "skating" : 13,
          "shooting" : 4,
          "checking" : 1,
          "saving" : 17,
          "age" : 21,
          "daysToAge" : 1,
          "strength" : 0.0,
          "injuredDays" : 0,
          "injured" : false,
          "retired" : false
        }, {
          "playerName" : "Mohammed Wu",
          "position" : "forward",
          "captain" : false,
          "skating" : 6,
          "shooting" : 6,
          "checking" : 18,
          "saving" : 2,
          "age" : 27,
          "daysToAge" : 1,
          "strength" : 0.0,
          "injuredDays" : 0,
          "injured" : false,
          "retired" : false
        }, {
          "playerName" : "Chris Khatri",
          "position" : "forward",
          "captain" : false,
          "skating" : 5,
          "shooting" : 18,
          "checking" : 1,
          "saving" : 11,
          "age" : 19,
          "daysToAge" : 1,
          "strength" : 0.0,
          "injuredDays" : 0,
          "injured" : false,
          "retired" : false
        }, {
          "playerName" : "Roger Fei",
          "position" : "forward",
          "captain" : false,
          "skating" : 2,
          "shooting" : 10,
          "checking" : 18,
          "saving" : 13,
          "age" : 29,
          "daysToAge" : 1,
          "strength" : 0.0,
          "injuredDays" : 0,
          "injured" : false,
          "retired" : false
        }, {
          "playerName" : "Chris Greenbaum",
          "position" : "forward",
          "captain" : false,
          "skating" : 3,
          "shooting" : 6,
          "checking" : 5,
          "saving" : 10,
          "age" : 18,
          "daysToAge" : 1,
          "strength" : 0.0,
          "injuredDays" : 0,
          "injured" : false,
          "retired" : false
        }, {
          "playerName" : "Fred Fei",
          "position" : "forward",
          "captain" : false,
          "skating" : 11,
          "shooting" : 18,
          "checking" : 17,
          "saving" : 16,
          "age" : 33,
          "daysToAge" : 1,
          "strength" : 0.0,
          "injuredDays" : 0,
          "injured" : false,
          "retired" : false
        }, {
          "playerName" : "Raghav Smith",
          "position" : "defense",
          "captain" : false,
          "skating" : 18,
          "shooting" : 14,
          "checking" : 9,
          "saving" : 7,
          "age" : 24,
          "daysToAge" : 1,
          "strength" : 0.0,
          "injuredDays" : 0,
          "injured" : false,
          "retired" : false
        }, {
          "playerName" : "Hardik Liu",
          "position" : "defense",
          "captain" : true,
          "skating" : 14,
          "shooting" : 3,
          "checking" : 15,
          "saving" : 12,
          "age" : 30,
          "daysToAge" : 1,
          "strength" : 0.0,
          "injuredDays" : 0,
          "injured" : false,
          "retired" : false
        }, {
          "playerName" : "Nancy Hawkey",
          "position" : "defense",
          "captain" : false,
          "skating" : 9,
          "shooting" : 13,
          "checking" : 19,
          "saving" : 20,
          "age" : 22,
          "daysToAge" : 1,
          "strength" : 0.0,
          "injuredDays" : 0,
          "injured" : false,
          "retired" : false
        }, {
          "playerName" : "Pat Khatri",
          "position" : "defense",
          "captain" : false,
          "skating" : 1,
          "shooting" : 10,
          "checking" : 8,
          "saving" : 10,
          "age" : 27,
          "daysToAge" : 1,
          "strength" : 0.0,
          "injuredDays" : 0,
          "injured" : false,
          "retired" : false
        }, {
          "playerName" : "Abraham Singh",
          "position" : "defense",
          "captain" : false,
          "skating" : 12,
          "shooting" : 20,
          "checking" : 19,
          "saving" : 11,
          "age" : 29,
          "daysToAge" : 1,
          "strength" : 0.0,
          "injuredDays" : 0,
          "injured" : false,
          "retired" : false
        }, {
          "playerName" : "Chris Cherry",
          "position" : "defense",
          "captain" : false,
          "skating" : 5,
          "shooting" : 5,
          "checking" : 10,
          "saving" : 8,
          "age" : 25,
          "daysToAge" : 1,
          "strength" : 0.0,
          "injuredDays" : 0,
          "injured" : false,
          "retired" : false
        }, {
          "playerName" : "Mohammed Thomson",
          "position" : "defense",
          "captain" : false,
          "skating" : 20,
          "shooting" : 7,
          "checking" : 8,
          "saving" : 7,
          "age" : 30,
          "daysToAge" : 1,
          "strength" : 0.0,
          "injuredDays" : 0,
          "injured" : false,
          "retired" : false
        }, {
          "playerName" : "Raghav Chang",
          "position" : "defense",
          "captain" : false,
          "skating" : 20,
          "shooting" : 20,
          "checking" : 12,
          "saving" : 8,
          "age" : 27,
          "daysToAge" : 1,
          "strength" : 0.0,
          "injuredDays" : 0,
          "injured" : false,
          "retired" : false
        }, {
          "playerName" : "Raghav Marley",
          "position" : "forward",
          "captain" : false,
          "skating" : 15,
          "shooting" : 6,
          "checking" : 10,
          "saving" : 19,
          "age" : 30,
          "daysToAge" : 1,
          "strength" : 0.0,
          "injuredDays" : 0,
          "injured" : false,
          "retired" : false
        }, {
          "playerName" : "Rashita Nelson",
          "position" : "goalie",
          "captain" : false,
          "skating" : 10,
          "shooting" : 7,
          "checking" : 14,
          "saving" : 7,
          "age" : 21,
          "daysToAge" : 1,
          "strength" : 0.0,
          "injuredDays" : 0,
          "injured" : false,
          "retired" : false
        }, {
          "playerName" : "Rashita Patel",
          "position" : "forward",
          "captain" : false,
          "skating" : 16,
          "shooting" : 3,
          "checking" : 1,
          "saving" : 19,
          "age" : 30,
          "daysToAge" : 1,
          "strength" : 0.0,
          "injuredDays" : 0,
          "injured" : false,
          "retired" : false
        } ],
        "teamType" : "ai",
        "lossPoints" : 0,
        "teamStrength" : 0.0
      }, {
        "teamName" : "Wuhan Wagoneers",
        "generalManager" : "Bonnie Fei",
        "headCoach" : {
          "name" : "Walter Fei",
          "skating" : 0.42,
          "shooting" : 0.24,
          "checking" : 0.09,
          "saving" : 0.34
        },
        "players" : [ {
          "playerName" : "Pat Wu",
          "position" : "forward",
          "captain" : false,
          "skating" : 18,
          "shooting" : 13,
          "checking" : 10,
          "saving" : 2,
          "age" : 28,
          "daysToAge" : 1,
          "strength" : 0.0,
          "injuredDays" : 0,
          "injured" : false,
          "retired" : false
        }, {
          "playerName" : "Bonnie Hawkey",
          "position" : "forward",
          "captain" : false,
          "skating" : 12,
          "shooting" : 17,
          "checking" : 18,
          "saving" : 5,
          "age" : 29,
          "daysToAge" : 1,
          "strength" : 0.0,
          "injuredDays" : 0,
          "injured" : false,
          "retired" : false
        }, {
          "playerName" : "Zongming Smith",
          "position" : "forward",
          "captain" : false,
          "skating" : 1,
          "shooting" : 5,
          "checking" : 9,
          "saving" : 16,
          "age" : 30,
          "daysToAge" : 1,
          "strength" : 0.0,
          "injuredDays" : 0,
          "injured" : false,
          "retired" : false
        }, {
          "playerName" : "Zongming Samson",
          "position" : "forward",
          "captain" : false,
          "skating" : 17,
          "shooting" : 4,
          "checking" : 2,
          "saving" : 6,
          "age" : 23,
          "daysToAge" : 1,
          "strength" : 0.0,
          "injuredDays" : 0,
          "injured" : false,
          "retired" : false
        }, {
          "playerName" : "Mohammed Burbchuk",
          "position" : "forward",
          "captain" : false,
          "skating" : 16,
          "shooting" : 2,
          "checking" : 9,
          "saving" : 15,
          "age" : 21,
          "daysToAge" : 1,
          "strength" : 0.0,
          "injuredDays" : 0,
          "injured" : false,
          "retired" : false
        }, {
          "playerName" : "Pat Williamson",
          "position" : "forward",
          "captain" : false,
          "skating" : 11,
          "shooting" : 2,
          "checking" : 7,
          "saving" : 14,
          "age" : 18,
          "daysToAge" : 1,
          "strength" : 0.0,
          "injuredDays" : 0,
          "injured" : false,
          "retired" : false
        }, {
          "playerName" : "Tina Chang",
          "position" : "forward",
          "captain" : false,
          "skating" : 9,
          "shooting" : 9,
          "checking" : 19,
          "saving" : 11,
          "age" : 25,
          "daysToAge" : 1,
          "strength" : 0.0,
          "injuredDays" : 0,
          "injured" : false,
          "retired" : false
        }, {
          "playerName" : "Mohammed Patel",
          "position" : "forward",
          "captain" : false,
          "skating" : 14,
          "shooting" : 5,
          "checking" : 8,
          "saving" : 3,
          "age" : 22,
          "daysToAge" : 1,
          "strength" : 0.0,
          "injuredDays" : 0,
          "injured" : false,
          "retired" : false
        }, {
          "playerName" : "Raghav Wu",
          "position" : "forward",
          "captain" : false,
          "skating" : 19,
          "shooting" : 20,
          "checking" : 13,
          "saving" : 18,
          "age" : 18,
          "daysToAge" : 1,
          "strength" : 0.0,
          "injuredDays" : 0,
          "injured" : false,
          "retired" : false
        }, {
          "playerName" : "Rashita Khatri",
          "position" : "defense",
          "captain" : false,
          "skating" : 14,
          "shooting" : 3,
          "checking" : 2,
          "saving" : 15,
          "age" : 31,
          "daysToAge" : 1,
          "strength" : 0.0,
          "injuredDays" : 0,
          "injured" : false,
          "retired" : false
        }, {
          "playerName" : "Chris Thomson",
          "position" : "defense",
          "captain" : true,
          "skating" : 8,
          "shooting" : 11,
          "checking" : 11,
          "saving" : 5,
          "age" : 19,
          "daysToAge" : 1,
          "strength" : 0.0,
          "injuredDays" : 0,
          "injured" : false,
          "retired" : false
        }, {
          "playerName" : "Tina Wu",
          "position" : "defense",
          "captain" : false,
          "skating" : 11,
          "shooting" : 9,
          "checking" : 6,
          "saving" : 10,
          "age" : 23,
          "daysToAge" : 1,
          "strength" : 0.0,
          "injuredDays" : 0,
          "injured" : false,
          "retired" : false
        }, {
          "playerName" : "Tina Chang",
          "position" : "defense",
          "captain" : false,
          "skating" : 20,
          "shooting" : 9,
          "checking" : 17,
          "saving" : 6,
          "age" : 18,
          "daysToAge" : 1,
          "strength" : 0.0,
          "injuredDays" : 0,
          "injured" : false,
          "retired" : false
        }, {
          "playerName" : "Abraham Chang",
          "position" : "defense",
          "captain" : false,
          "skating" : 2,
          "shooting" : 14,
          "checking" : 15,
          "saving" : 4,
          "age" : 33,
          "daysToAge" : 1,
          "strength" : 0.0,
          "injuredDays" : 0,
          "injured" : false,
          "retired" : false
        }, {
          "playerName" : "Walter Wu",
          "position" : "defense",
          "captain" : false,
          "skating" : 16,
          "shooting" : 15,
          "checking" : 9,
          "saving" : 4,
          "age" : 29,
          "daysToAge" : 1,
          "strength" : 0.0,
          "injuredDays" : 0,
          "injured" : false,
          "retired" : false
        }, {
          "playerName" : "Mike Halen",
          "position" : "defense",
          "captain" : false,
          "skating" : 4,
          "shooting" : 14,
          "checking" : 7,
          "saving" : 5,
          "age" : 20,
          "daysToAge" : 1,
          "strength" : 0.0,
          "injuredDays" : 0,
          "injured" : false,
          "retired" : false
        }, {
          "playerName" : "Mike Marley",
          "position" : "defense",
          "captain" : false,
          "skating" : 9,
          "shooting" : 9,
          "checking" : 7,
          "saving" : 20,
          "age" : 31,
          "daysToAge" : 1,
          "strength" : 0.0,
          "injuredDays" : 0,
          "injured" : false,
          "retired" : false
        }, {
          "playerName" : "Fred Khatri",
          "position" : "forward",
          "captain" : false,
          "skating" : 1,
          "shooting" : 2,
          "checking" : 15,
          "saving" : 12,
          "age" : 26,
          "daysToAge" : 1,
          "strength" : 0.0,
          "injuredDays" : 0,
          "injured" : false,
          "retired" : false
        }, {
          "playerName" : "Hardik Samson",
          "position" : "goalie",
          "captain" : false,
          "skating" : 18,
          "shooting" : 1,
          "checking" : 1,
          "saving" : 4,
          "age" : 22,
          "daysToAge" : 1,
          "strength" : 0.0,
          "injuredDays" : 0,
          "injured" : false,
          "retired" : false
        }, {
          "playerName" : "Walter Nelson",
          "position" : "forward",
          "captain" : false,
          "skating" : 4,
          "shooting" : 1,
          "checking" : 1,
          "saving" : 13,
          "age" : 19,
          "daysToAge" : 1,
          "strength" : 0.0,
          "injuredDays" : 0,
          "injured" : false,
          "retired" : false
        }, {
          "playerName" : "Player1",
          "position" : "forward",
          "captain" : true,
          "skating" : 15,
          "shooting" : 16,
          "checking" : 17,
          "saving" : 17,
          "age" : 25,
          "daysToAge" : 1,
          "strength" : 0.0,
          "injuredDays" : 15,
          "injured" : true,
          "retired" : false
        }, {
          "playerName" : "Player1",
          "position" : "forward",
          "captain" : true,
          "skating" : 15,
          "shooting" : 16,
          "checking" : 17,
          "saving" : 17,
          "age" : 25,
          "daysToAge" : 1,
          "strength" : 0.0,
          "injuredDays" : 15,
          "injured" : true,
          "retired" : false
        }, {
          "playerName" : "Player1",
          "position" : "forward",
          "captain" : true,
          "skating" : 15,
          "shooting" : 16,
          "checking" : 17,
          "saving" : 17,
          "age" : 25,
          "daysToAge" : 1,
          "strength" : 0.0,
          "injuredDays" : 15,
          "injured" : true,
          "retired" : false
        }, {
          "playerName" : "Player1",
          "position" : "forward",
          "captain" : true,
          "skating" : 15,
          "shooting" : 16,
          "checking" : 17,
          "saving" : 17,
          "age" : 25,
          "daysToAge" : 1,
          "strength" : 0.0,
          "injuredDays" : 15,
          "injured" : true,
          "retired" : false
        }, {
          "playerName" : "Player1",
          "position" : "forward",
          "captain" : true,
          "skating" : 15,
          "shooting" : 16,
          "checking" : 17,
          "saving" : 17,
          "age" : 25,
          "daysToAge" : 1,
          "strength" : 0.0,
          "injuredDays" : 15,
          "injured" : true,
          "retired" : false
        }, {
          "playerName" : "Player1",
          "position" : "forward",
          "captain" : true,
          "skating" : 15,
          "shooting" : 16,
          "checking" : 17,
          "saving" : 17,
          "age" : 25,
          "daysToAge" : 1,
          "strength" : 0.0,
          "injuredDays" : 15,
          "injured" : true,
          "retired" : false
        }, {
          "playerName" : "Player1",
          "position" : "forward",
          "captain" : true,
          "skating" : 15,
          "shooting" : 16,
          "checking" : 17,
          "saving" : 17,
          "age" : 25,
          "daysToAge" : 1,
          "strength" : 0.0,
          "injuredDays" : 15,
          "injured" : true,
          "retired" : false
        }, {
          "playerName" : "Player1",
          "position" : "forward",
          "captain" : true,
          "skating" : 15,
          "shooting" : 16,
          "checking" : 17,
          "saving" : 17,
          "age" : 25,
          "daysToAge" : 1,
          "strength" : 0.0,
          "injuredDays" : 15,
          "injured" : true,
          "retired" : false
        }, {
          "playerName" : "Player1",
          "position" : "forward",
          "captain" : true,
          "skating" : 15,
          "shooting" : 16,
          "checking" : 17,
          "saving" : 17,
          "age" : 25,
          "daysToAge" : 1,
          "strength" : 0.0,
          "injuredDays" : 15,
          "injured" : true,
          "retired" : false
        }, {
          "playerName" : "Player1",
          "position" : "forward",
          "captain" : true,
          "skating" : 15,
          "shooting" : 16,
          "checking" : 17,
          "saving" : 17,
          "age" : 25,
          "daysToAge" : 1,
          "strength" : 0.0,
          "injuredDays" : 15,
          "injured" : true,
          "retired" : false
        }, {
          "playerName" : "Player1",
          "position" : "forward",
          "captain" : true,
          "skating" : 15,
          "shooting" : 16,
          "checking" : 17,
          "saving" : 17,
          "age" : 25,
          "daysToAge" : 1,
          "strength" : 0.0,
          "injuredDays" : 15,
          "injured" : true,
          "retired" : false
        }, {
          "playerName" : "Player1",
          "position" : "forward",
          "captain" : true,
          "skating" : 15,
          "shooting" : 16,
          "checking" : 17,
          "saving" : 17,
          "age" : 25,
          "daysToAge" : 1,
          "strength" : 0.0,
          "injuredDays" : 15,
          "injured" : true,
          "retired" : false
        }, {
          "playerName" : "Player1",
          "position" : "forward",
          "captain" : true,
          "skating" : 15,
          "shooting" : 16,
          "checking" : 17,
          "saving" : 17,
          "age" : 25,
          "daysToAge" : 1,
          "strength" : 0.0,
          "injuredDays" : 15,
          "injured" : true,
          "retired" : false
        }, {
          "playerName" : "Player1",
          "position" : "forward",
          "captain" : true,
          "skating" : 15,
          "shooting" : 16,
          "checking" : 17,
          "saving" : 17,
          "age" : 25,
          "daysToAge" : 1,
          "strength" : 0.0,
          "injuredDays" : 15,
          "injured" : true,
          "retired" : false
        }, {
          "playerName" : "Player1",
          "position" : "forward",
          "captain" : true,
          "skating" : 15,
          "shooting" : 16,
          "checking" : 17,
          "saving" : 17,
          "age" : 25,
          "daysToAge" : 1,
          "strength" : 0.0,
          "injuredDays" : 15,
          "injured" : true,
          "retired" : false
        }, {
          "playerName" : "Player1",
          "position" : "forward",
          "captain" : true,
          "skating" : 15,
          "shooting" : 16,
          "checking" : 17,
          "saving" : 17,
          "age" : 25,
          "daysToAge" : 1,
          "strength" : 0.0,
          "injuredDays" : 15,
          "injured" : true,
          "retired" : false
        }, {
          "playerName" : "Player1",
          "position" : "forward",
          "captain" : true,
          "skating" : 15,
          "shooting" : 16,
          "checking" : 17,
          "saving" : 17,
          "age" : 25,
          "daysToAge" : 1,
          "strength" : 0.0,
          "injuredDays" : 15,
          "injured" : true,
          "retired" : false
        }, {
          "playerName" : "Player1",
          "position" : "forward",
          "captain" : true,
          "skating" : 15,
          "shooting" : 16,
          "checking" : 17,
          "saving" : 17,
          "age" : 25,
          "daysToAge" : 1,
          "strength" : 0.0,
          "injuredDays" : 15,
          "injured" : true,
          "retired" : false
        }, {
          "playerName" : "Player1",
          "position" : "forward",
          "captain" : true,
          "skating" : 15,
          "shooting" : 16,
          "checking" : 17,
          "saving" : 17,
          "age" : 25,
          "daysToAge" : 1,
          "strength" : 0.0,
          "injuredDays" : 15,
          "injured" : true,
          "retired" : false
        }, {
          "playerName" : "Player1",
          "position" : "forward",
          "captain" : true,
          "skating" : 15,
          "shooting" : 16,
          "checking" : 17,
          "saving" : 17,
          "age" : 25,
          "daysToAge" : 1,
          "strength" : 0.0,
          "injuredDays" : 15,
          "injured" : true,
          "retired" : false
        }, {
          "playerName" : "Player1",
          "position" : "forward",
          "captain" : true,
          "skating" : 15,
          "shooting" : 16,
          "checking" : 17,
          "saving" : 17,
          "age" : 25,
          "daysToAge" : 1,
          "strength" : 0.0,
          "injuredDays" : 15,
          "injured" : true,
          "retired" : false
        }, {
          "playerName" : "Player1",
          "position" : "forward",
          "captain" : true,
          "skating" : 15,
          "shooting" : 16,
          "checking" : 17,
          "saving" : 17,
          "age" : 25,
          "daysToAge" : 1,
          "strength" : 0.0,
          "injuredDays" : 15,
          "injured" : true,
          "retired" : false
        }, {
          "playerName" : "Player1",
          "position" : "forward",
          "captain" : true,
          "skating" : 15,
          "shooting" : 16,
          "checking" : 17,
          "saving" : 17,
          "age" : 25,
          "daysToAge" : 1,
          "strength" : 0.0,
          "injuredDays" : 15,
          "injured" : true,
          "retired" : false
        }, {
          "playerName" : "Player1",
          "position" : "forward",
          "captain" : true,
          "skating" : 15,
          "shooting" : 16,
          "checking" : 17,
          "saving" : 17,
          "age" : 25,
          "daysToAge" : 1,
          "strength" : 0.0,
          "injuredDays" : 15,
          "injured" : true,
          "retired" : false
        }, {
          "playerName" : "Player1",
          "position" : "forward",
          "captain" : true,
          "skating" : 15,
          "shooting" : 16,
          "checking" : 17,
          "saving" : 17,
          "age" : 25,
          "daysToAge" : 1,
          "strength" : 0.0,
          "injuredDays" : 15,
          "injured" : true,
          "retired" : false
        }, {
          "playerName" : "Player1",
          "position" : "forward",
          "captain" : true,
          "skating" : 15,
          "shooting" : 16,
          "checking" : 17,
          "saving" : 17,
          "age" : 25,
          "daysToAge" : 1,
          "strength" : 0.0,
          "injuredDays" : 15,
          "injured" : true,
          "retired" : false
        }, {
          "playerName" : "Player1",
          "position" : "forward",
          "captain" : true,
          "skating" : 15,
          "shooting" : 16,
          "checking" : 17,
          "saving" : 17,
          "age" : 25,
          "daysToAge" : 1,
          "strength" : 0.0,
          "injuredDays" : 15,
          "injured" : true,
          "retired" : false
        }, {
          "playerName" : "Player1",
          "position" : "forward",
          "captain" : true,
          "skating" : 15,
          "shooting" : 16,
          "checking" : 17,
          "saving" : 17,
          "age" : 25,
          "daysToAge" : 1,
          "strength" : 0.0,
          "injuredDays" : 15,
          "injured" : true,
          "retired" : false
        }, {
          "playerName" : "Player1",
          "position" : "forward",
          "captain" : true,
          "skating" : 15,
          "shooting" : 16,
          "checking" : 17,
          "saving" : 17,
          "age" : 25,
          "daysToAge" : 1,
          "strength" : 0.0,
          "injuredDays" : 15,
          "injured" : true,
          "retired" : false
        }, {
          "playerName" : "Player1",
          "position" : "forward",
          "captain" : true,
          "skating" : 15,
          "shooting" : 16,
          "checking" : 17,
          "saving" : 17,
          "age" : 25,
          "daysToAge" : 1,
          "strength" : 0.0,
          "injuredDays" : 15,
          "injured" : true,
          "retired" : false
        }, {
          "playerName" : "Player1",
          "position" : "forward",
          "captain" : true,
          "skating" : 15,
          "shooting" : 16,
          "checking" : 17,
          "saving" : 17,
          "age" : 25,
          "daysToAge" : 1,
          "strength" : 0.0,
          "injuredDays" : 15,
          "injured" : true,
          "retired" : false
        }, {
          "playerName" : "Player1",
          "position" : "forward",
          "captain" : true,
          "skating" : 15,
          "shooting" : 16,
          "checking" : 17,
          "saving" : 17,
          "age" : 25,
          "daysToAge" : 1,
          "strength" : 0.0,
          "injuredDays" : 15,
          "injured" : true,
          "retired" : false
        }, {
          "playerName" : "Player1",
          "position" : "forward",
          "captain" : true,
          "skating" : 15,
          "shooting" : 16,
          "checking" : 17,
          "saving" : 17,
          "age" : 25,
          "daysToAge" : 1,
          "strength" : 0.0,
          "injuredDays" : 15,
          "injured" : true,
          "retired" : false
        }, {
          "playerName" : "Player1",
          "position" : "forward",
          "captain" : true,
          "skating" : 15,
          "shooting" : 16,
          "checking" : 17,
          "saving" : 17,
          "age" : 25,
          "daysToAge" : 1,
          "strength" : 0.0,
          "injuredDays" : 15,
          "injured" : true,
          "retired" : false
        }, {
          "playerName" : "Player1",
          "position" : "forward",
          "captain" : true,
          "skating" : 15,
          "shooting" : 16,
          "checking" : 17,
          "saving" : 17,
          "age" : 25,
          "daysToAge" : 1,
          "strength" : 0.0,
          "injuredDays" : 15,
          "injured" : true,
          "retired" : false
        }, {
          "playerName" : "Player1",
          "position" : "forward",
          "captain" : true,
          "skating" : 15,
          "shooting" : 16,
          "checking" : 17,
          "saving" : 17,
          "age" : 25,
          "daysToAge" : 1,
          "strength" : 0.0,
          "injuredDays" : 15,
          "injured" : true,
          "retired" : false
        }, {
          "playerName" : "Player1",
          "position" : "forward",
          "captain" : true,
          "skating" : 15,
          "shooting" : 16,
          "checking" : 17,
          "saving" : 17,
          "age" : 25,
          "daysToAge" : 1,
          "strength" : 0.0,
          "injuredDays" : 15,
          "injured" : true,
          "retired" : false
        } ],
        "teamType" : "ai",
        "lossPoints" : 0,
        "teamStrength" : 0.0
      }, {
        "teamName" : "Gander Privateers",
        "generalManager" : "Sammy Fei",
        "headCoach" : {
          "name" : "Don Williamson",
          "skating" : 0.65,
          "shooting" : 0.01,
          "checking" : 0.39,
          "saving" : 0.31
        },
        "players" : [ {
          "playerName" : "Rashita Smith",
          "position" : "forward",
          "captain" : false,
          "skating" : 20,
          "shooting" : 19,
          "checking" : 8,
          "saving" : 7,
          "age" : 27,
          "daysToAge" : 1,
          "strength" : 0.0,
          "injuredDays" : 0,
          "injured" : false,
          "retired" : false
        }, {
          "playerName" : "Abraham Greenbaum",
          "position" : "forward",
          "captain" : false,
          "skating" : 13,
          "shooting" : 15,
          "checking" : 9,
          "saving" : 17,
          "age" : 21,
          "daysToAge" : 1,
          "strength" : 0.0,
          "injuredDays" : 0,
          "injured" : false,
          "retired" : false
        }, {
          "playerName" : "Roger Bishop",
          "position" : "forward",
          "captain" : false,
          "skating" : 14,
          "shooting" : 17,
          "checking" : 4,
          "saving" : 20,
          "age" : 31,
          "daysToAge" : 1,
          "strength" : 0.0,
          "injuredDays" : 0,
          "injured" : false,
          "retired" : false
        }, {
          "playerName" : "Prashant Wu",
          "position" : "forward",
          "captain" : false,
          "skating" : 13,
          "shooting" : 6,
          "checking" : 19,
          "saving" : 15,
          "age" : 26,
          "daysToAge" : 1,
          "strength" : 0.0,
          "injuredDays" : 0,
          "injured" : false,
          "retired" : false
        }, {
          "playerName" : "Mary Marley",
          "position" : "forward",
          "captain" : false,
          "skating" : 20,
          "shooting" : 18,
          "checking" : 11,
          "saving" : 13,
          "age" : 28,
          "daysToAge" : 1,
          "strength" : 0.0,
          "injuredDays" : 0,
          "injured" : false,
          "retired" : false
        }, {
          "playerName" : "Bonnie Singh",
          "position" : "forward",
          "captain" : false,
          "skating" : 20,
          "shooting" : 9,
          "checking" : 4,
          "saving" : 18,
          "age" : 27,
          "daysToAge" : 1,
          "strength" : 0.0,
          "injuredDays" : 0,
          "injured" : false,
          "retired" : false
        }, {
          "playerName" : "Pat Hawkey",
          "position" : "forward",
          "captain" : false,
          "skating" : 6,
          "shooting" : 11,
          "checking" : 15,
          "saving" : 7,
          "age" : 32,
          "daysToAge" : 1,
          "strength" : 0.0,
          "injuredDays" : 0,
          "injured" : false,
          "retired" : false
        }, {
          "playerName" : "Fred Halen",
          "position" : "forward",
          "captain" : true,
          "skating" : 19,
          "shooting" : 13,
          "checking" : 9,
          "saving" : 10,
          "age" : 19,
          "daysToAge" : 1,
          "strength" : 0.0,
          "injuredDays" : 0,
          "injured" : false,
          "retired" : false
        }, {
          "playerName" : "Rob Khatri",
          "position" : "forward",
          "captain" : false,
          "skating" : 18,
          "shooting" : 20,
          "checking" : 16,
          "saving" : 6,
          "age" : 29,
          "daysToAge" : 1,
          "strength" : 0.0,
          "injuredDays" : 0,
          "injured" : false,
          "retired" : false
        }, {
          "playerName" : "Abraham Chang",
          "position" : "defense",
          "captain" : false,
          "skating" : 12,
          "shooting" : 13,
          "checking" : 18,
          "saving" : 2,
          "age" : 33,
          "daysToAge" : 1,
          "strength" : 0.0,
          "injuredDays" : 0,
          "injured" : false,
          "retired" : false
        }, {
          "playerName" : "Don Marley",
          "position" : "defense",
          "captain" : false,
          "skating" : 11,
          "shooting" : 17,
          "checking" : 7,
          "saving" : 10,
          "age" : 24,
          "daysToAge" : 1,
          "strength" : 0.0,
          "injuredDays" : 0,
          "injured" : false,
          "retired" : false
        }, {
          "playerName" : "Sammy Fei",
          "position" : "defense",
          "captain" : false,
          "skating" : 9,
          "shooting" : 15,
          "checking" : 4,
          "saving" : 10,
          "age" : 20,
          "daysToAge" : 1,
          "strength" : 0.0,
          "injuredDays" : 0,
          "injured" : false,
          "retired" : false
        }, {
          "playerName" : "Fred Hawkey",
          "position" : "defense",
          "captain" : false,
          "skating" : 4,
          "shooting" : 1,
          "checking" : 11,
          "saving" : 6,
          "age" : 35,
          "daysToAge" : 1,
          "strength" : 0.0,
          "injuredDays" : 0,
          "injured" : false,
          "retired" : false
        }, {
          "playerName" : "Sammy Thomson",
          "position" : "defense",
          "captain" : false,
          "skating" : 3,
          "shooting" : 17,
          "checking" : 2,
          "saving" : 6,
          "age" : 20,
          "daysToAge" : 1,
          "strength" : 0.0,
          "injuredDays" : 0,
          "injured" : false,
          "retired" : false
        }, {
          "playerName" : "Fred Chang",
          "position" : "defense",
          "captain" : false,
          "skating" : 19,
          "shooting" : 16,
          "checking" : 9,
          "saving" : 2,
          "age" : 32,
          "daysToAge" : 1,
          "strength" : 0.0,
          "injuredDays" : 0,
          "injured" : false,
          "retired" : false
        }, {
          "playerName" : "Chris Marley",
          "position" : "defense",
          "captain" : false,
          "skating" : 20,
          "shooting" : 10,
          "checking" : 14,
          "saving" : 20,
          "age" : 34,
          "daysToAge" : 1,
          "strength" : 0.0,
          "injuredDays" : 0,
          "injured" : false,
          "retired" : false
        }, {
          "playerName" : "Nancy Fei",
          "position" : "defense",
          "captain" : false,
          "skating" : 17,
          "shooting" : 6,
          "checking" : 10,
          "saving" : 18,
          "age" : 35,
          "daysToAge" : 1,
          "strength" : 0.0,
          "injuredDays" : 0,
          "injured" : false,
          "retired" : false
        }, {
          "playerName" : "Mike Smith",
          "position" : "forward",
          "captain" : false,
          "skating" : 17,
          "shooting" : 14,
          "checking" : 1,
          "saving" : 4,
          "age" : 23,
          "daysToAge" : 1,
          "strength" : 0.0,
          "injuredDays" : 0,
          "injured" : false,
          "retired" : false
        }, {
          "playerName" : "Nancy Hawkins",
          "position" : "goalie",
          "captain" : false,
          "skating" : 14,
          "shooting" : 8,
          "checking" : 18,
          "saving" : 2,
          "age" : 34,
          "daysToAge" : 1,
          "strength" : 0.0,
          "injuredDays" : 0,
          "injured" : false,
          "retired" : false
        }, {
          "playerName" : "Mohammed Wu",
          "position" : "forward",
          "captain" : false,
          "skating" : 15,
          "shooting" : 9,
          "checking" : 16,
          "saving" : 10,
          "age" : 25,
          "daysToAge" : 1,
          "strength" : 0.0,
          "injuredDays" : 0,
          "injured" : false,
          "retired" : false
        } ],
        "teamType" : "ai",
        "lossPoints" : 0,
        "teamStrength" : 0.0
      }, {
        "teamName" : "Mumbai Lazy Dogs",
        "generalManager" : "Chris Singh",
        "headCoach" : {
          "name" : "John Smith",
          "skating" : 0.64,
          "shooting" : 0.58,
          "checking" : 0.45,
          "saving" : 0.05
        },
        "players" : [ {
          "playerName" : "Mohammed Hawkins",
          "position" : "forward",
          "captain" : false,
          "skating" : 11,
          "shooting" : 16,
          "checking" : 19,
          "saving" : 3,
          "age" : 29,
          "daysToAge" : 1,
          "strength" : 0.0,
          "injuredDays" : 0,
          "injured" : false,
          "retired" : false
        }, {
          "playerName" : "Tina Marley",
          "position" : "forward",
          "captain" : false,
          "skating" : 17,
          "shooting" : 5,
          "checking" : 12,
          "saving" : 4,
          "age" : 22,
          "daysToAge" : 1,
          "strength" : 0.0,
          "injuredDays" : 0,
          "injured" : false,
          "retired" : false
        }, {
          "playerName" : "Mary Khatri",
          "position" : "forward",
          "captain" : false,
          "skating" : 7,
          "shooting" : 8,
          "checking" : 18,
          "saving" : 18,
          "age" : 23,
          "daysToAge" : 1,
          "strength" : 0.0,
          "injuredDays" : 0,
          "injured" : false,
          "retired" : false
        }, {
          "playerName" : "Don Nelson",
          "position" : "forward",
          "captain" : false,
          "skating" : 11,
          "shooting" : 7,
          "checking" : 16,
          "saving" : 9,
          "age" : 28,
          "daysToAge" : 1,
          "strength" : 0.0,
          "injuredDays" : 0,
          "injured" : false,
          "retired" : false
        }, {
          "playerName" : "Nancy Wu",
          "position" : "forward",
          "captain" : false,
          "skating" : 4,
          "shooting" : 18,
          "checking" : 12,
          "saving" : 19,
          "age" : 32,
          "daysToAge" : 1,
          "strength" : 0.0,
          "injuredDays" : 0,
          "injured" : false,
          "retired" : false
        }, {
          "playerName" : "Rob Patel",
          "position" : "forward",
          "captain" : false,
          "skating" : 7,
          "shooting" : 6,
          "checking" : 4,
          "saving" : 13,
          "age" : 34,
          "daysToAge" : 1,
          "strength" : 0.0,
          "injuredDays" : 0,
          "injured" : false,
          "retired" : false
        }, {
          "playerName" : "Bonnie Hawkins",
          "position" : "forward",
          "captain" : false,
          "skating" : 16,
          "shooting" : 13,
          "checking" : 7,
          "saving" : 9,
          "age" : 30,
          "daysToAge" : 1,
          "strength" : 0.0,
          "injuredDays" : 0,
          "injured" : false,
          "retired" : false
        }, {
          "playerName" : "Zongming Singh",
          "position" : "forward",
          "captain" : false,
          "skating" : 2,
          "shooting" : 17,
          "checking" : 7,
          "saving" : 14,
          "age" : 29,
          "daysToAge" : 1,
          "strength" : 0.0,
          "injuredDays" : 0,
          "injured" : false,
          "retired" : false
        }, {
          "playerName" : "Chris Greenbaum",
          "position" : "forward",
          "captain" : false,
          "skating" : 15,
          "shooting" : 9,
          "checking" : 11,
          "saving" : 1,
          "age" : 27,
          "daysToAge" : 1,
          "strength" : 0.0,
          "injuredDays" : 0,
          "injured" : false,
          "retired" : false
        }, {
          "playerName" : "Hardik Cherry",
          "position" : "defense",
          "captain" : false,
          "skating" : 9,
          "shooting" : 8,
          "checking" : 15,
          "saving" : 17,
          "age" : 26,
          "daysToAge" : 1,
          "strength" : 0.0,
          "injuredDays" : 0,
          "injured" : false,
          "retired" : false
        }, {
          "playerName" : "Abraham Marley",
          "position" : "defense",
          "captain" : false,
          "skating" : 7,
          "shooting" : 11,
          "checking" : 14,
          "saving" : 10,
          "age" : 28,
          "daysToAge" : 1,
          "strength" : 0.0,
          "injuredDays" : 0,
          "injured" : false,
          "retired" : false
        }, {
          "playerName" : "Raghav Hawkey",
          "position" : "defense",
          "captain" : false,
          "skating" : 15,
          "shooting" : 17,
          "checking" : 19,
          "saving" : 9,
          "age" : 33,
          "daysToAge" : 1,
          "strength" : 0.0,
          "injuredDays" : 0,
          "injured" : false,
          "retired" : false
        }, {
          "playerName" : "Raghav Smith",
          "position" : "defense",
          "captain" : true,
          "skating" : 19,
          "shooting" : 15,
          "checking" : 15,
          "saving" : 19,
          "age" : 35,
          "daysToAge" : 1,
          "strength" : 0.0,
          "injuredDays" : 0,
          "injured" : false,
          "retired" : false
        }, {
          "playerName" : "Hardik Khatri",
          "position" : "defense",
          "captain" : false,
          "skating" : 5,
          "shooting" : 2,
          "checking" : 4,
          "saving" : 8,
          "age" : 20,
          "daysToAge" : 1,
          "strength" : 0.0,
          "injuredDays" : 0,
          "injured" : false,
          "retired" : false
        }, {
          "playerName" : "Rashita Singh",
          "position" : "defense",
          "captain" : false,
          "skating" : 17,
          "shooting" : 9,
          "checking" : 8,
          "saving" : 16,
          "age" : 26,
          "daysToAge" : 1,
          "strength" : 0.0,
          "injuredDays" : 0,
          "injured" : false,
          "retired" : false
        }, {
          "playerName" : "Mohammed Chang",
          "position" : "defense",
          "captain" : false,
          "skating" : 14,
          "shooting" : 9,
          "checking" : 10,
          "saving" : 1,
          "age" : 26,
          "daysToAge" : 1,
          "strength" : 0.0,
          "injuredDays" : 0,
          "injured" : false,
          "retired" : false
        }, {
          "playerName" : "Abraham Singh",
          "position" : "defense",
          "captain" : false,
          "skating" : 4,
          "shooting" : 14,
          "checking" : 17,
          "saving" : 20,
          "age" : 26,
          "daysToAge" : 1,
          "strength" : 0.0,
          "injuredDays" : 0,
          "injured" : false,
          "retired" : false
        }, {
          "playerName" : "Prashant Khatri",
          "position" : "forward",
          "captain" : false,
          "skating" : 4,
          "shooting" : 16,
          "checking" : 19,
          "saving" : 4,
          "age" : 21,
          "daysToAge" : 1,
          "strength" : 0.0,
          "injuredDays" : 0,
          "injured" : false,
          "retired" : false
        }, {
          "playerName" : "Raghav Morrison",
          "position" : "goalie",
          "captain" : false,
          "skating" : 6,
          "shooting" : 14,
          "checking" : 12,
          "saving" : 8,
          "age" : 21,
          "daysToAge" : 1,
          "strength" : 0.0,
          "injuredDays" : 0,
          "injured" : false,
          "retired" : false
        }, {
          "playerName" : "Tina Liu",
          "position" : "forward",
          "captain" : false,
          "skating" : 6,
          "shooting" : 7,
          "checking" : 13,
          "saving" : 3,
          "age" : 25,
          "daysToAge" : 1,
          "strength" : 0.0,
          "injuredDays" : 0,
          "injured" : false,
          "retired" : false
        } ],
        "teamType" : "ai",
        "lossPoints" : 0,
        "teamStrength" : 0.0
      }, {
        "teamName" : "Chicago Reds",
        "generalManager" : "Fred Khatri",
        "headCoach" : {
          "name" : "Don Samson",
          "skating" : 0.43,
          "shooting" : 0.39,
          "checking" : 0.78,
          "saving" : 0.55
        },
        "players" : [ {
          "playerName" : "Walter Hawkins",
          "position" : "forward",
          "captain" : false,
          "skating" : 3,
          "shooting" : 15,
          "checking" : 16,
          "saving" : 17,
          "age" : 30,
          "daysToAge" : 1,
          "strength" : 0.0,
          "injuredDays" : 0,
          "injured" : false,
          "retired" : false
        }, {
          "playerName" : "Chris Bishop",
          "position" : "forward",
          "captain" : false,
          "skating" : 3,
          "shooting" : 3,
          "checking" : 6,
          "saving" : 2,
          "age" : 22,
          "daysToAge" : 1,
          "strength" : 0.0,
          "injuredDays" : 0,
          "injured" : false,
          "retired" : false
        }, {
          "playerName" : "Tami Fei",
          "position" : "forward",
          "captain" : false,
          "skating" : 12,
          "shooting" : 13,
          "checking" : 3,
          "saving" : 8,
          "age" : 25,
          "daysToAge" : 1,
          "strength" : 0.0,
          "injuredDays" : 0,
          "injured" : false,
          "retired" : false
        }, {
          "playerName" : "Don Samson",
          "position" : "forward",
          "captain" : false,
          "skating" : 4,
          "shooting" : 8,
          "checking" : 1,
          "saving" : 4,
          "age" : 20,
          "daysToAge" : 1,
          "strength" : 0.0,
          "injuredDays" : 0,
          "injured" : false,
          "retired" : false
        }, {
          "playerName" : "Bonnie Bishop",
          "position" : "forward",
          "captain" : false,
          "skating" : 11,
          "shooting" : 6,
          "checking" : 18,
          "saving" : 17,
          "age" : 18,
          "daysToAge" : 1,
          "strength" : 0.0,
          "injuredDays" : 0,
          "injured" : false,
          "retired" : false
        }, {
          "playerName" : "Bonnie Burbchuk",
          "position" : "forward",
          "captain" : true,
          "skating" : 10,
          "shooting" : 19,
          "checking" : 8,
          "saving" : 19,
          "age" : 21,
          "daysToAge" : 1,
          "strength" : 0.0,
          "injuredDays" : 0,
          "injured" : false,
          "retired" : false
        }, {
          "playerName" : "Mary Williamson",
          "position" : "forward",
          "captain" : false,
          "skating" : 16,
          "shooting" : 11,
          "checking" : 8,
          "saving" : 7,
          "age" : 19,
          "daysToAge" : 1,
          "strength" : 0.0,
          "injuredDays" : 0,
          "injured" : false,
          "retired" : false
        }, {
          "playerName" : "Tami Smith",
          "position" : "forward",
          "captain" : false,
          "skating" : 3,
          "shooting" : 16,
          "checking" : 9,
          "saving" : 15,
          "age" : 34,
          "daysToAge" : 1,
          "strength" : 0.0,
          "injuredDays" : 0,
          "injured" : false,
          "retired" : false
        }, {
          "playerName" : "Roger Smith",
          "position" : "forward",
          "captain" : false,
          "skating" : 12,
          "shooting" : 10,
          "checking" : 19,
          "saving" : 14,
          "age" : 27,
          "daysToAge" : 1,
          "strength" : 0.0,
          "injuredDays" : 0,
          "injured" : false,
          "retired" : false
        }, {
          "playerName" : "Rashita Nelson",
          "position" : "defense",
          "captain" : false,
          "skating" : 6,
          "shooting" : 11,
          "checking" : 10,
          "saving" : 1,
          "age" : 21,
          "daysToAge" : 1,
          "strength" : 0.0,
          "injuredDays" : 0,
          "injured" : false,
          "retired" : false
        }, {
          "playerName" : "Walter Smith",
          "position" : "defense",
          "captain" : false,
          "skating" : 2,
          "shooting" : 5,
          "checking" : 15,
          "saving" : 16,
          "age" : 21,
          "daysToAge" : 1,
          "strength" : 0.0,
          "injuredDays" : 0,
          "injured" : false,
          "retired" : false
        }, {
          "playerName" : "Roger Bishop",
          "position" : "defense",
          "captain" : false,
          "skating" : 9,
          "shooting" : 20,
          "checking" : 2,
          "saving" : 7,
          "age" : 23,
          "daysToAge" : 1,
          "strength" : 0.0,
          "injuredDays" : 0,
          "injured" : false,
          "retired" : false
        }, {
          "playerName" : "Mike Burbchuk",
          "position" : "defense",
          "captain" : false,
          "skating" : 11,
          "shooting" : 15,
          "checking" : 12,
          "saving" : 18,
          "age" : 27,
          "daysToAge" : 1,
          "strength" : 0.0,
          "injuredDays" : 0,
          "injured" : false,
          "retired" : false
        }, {
          "playerName" : "Don Samson",
          "position" : "defense",
          "captain" : false,
          "skating" : 18,
          "shooting" : 3,
          "checking" : 3,
          "saving" : 12,
          "age" : 30,
          "daysToAge" : 1,
          "strength" : 0.0,
          "injuredDays" : 0,
          "injured" : false,
          "retired" : false
        }, {
          "playerName" : "Pat Thomson",
          "position" : "defense",
          "captain" : false,
          "skating" : 18,
          "shooting" : 9,
          "checking" : 12,
          "saving" : 1,
          "age" : 27,
          "daysToAge" : 1,
          "strength" : 0.0,
          "injuredDays" : 0,
          "injured" : false,
          "retired" : false
        }, {
          "playerName" : "Prashant Cherry",
          "position" : "defense",
          "captain" : false,
          "skating" : 17,
          "shooting" : 3,
          "checking" : 10,
          "saving" : 8,
          "age" : 31,
          "daysToAge" : 1,
          "strength" : 0.0,
          "injuredDays" : 0,
          "injured" : false,
          "retired" : false
        }, {
          "playerName" : "Prashant Chang",
          "position" : "defense",
          "captain" : false,
          "skating" : 12,
          "shooting" : 12,
          "checking" : 13,
          "saving" : 13,
          "age" : 23,
          "daysToAge" : 1,
          "strength" : 0.0,
          "injuredDays" : 0,
          "injured" : false,
          "retired" : false
        }, {
          "playerName" : "Mohammed Burbchuk",
          "position" : "forward",
          "captain" : false,
          "skating" : 3,
          "shooting" : 20,
          "checking" : 19,
          "saving" : 4,
          "age" : 32,
          "daysToAge" : 1,
          "strength" : 0.0,
          "injuredDays" : 0,
          "injured" : false,
          "retired" : false
        }, {
          "playerName" : "Fred Williamson",
          "position" : "goalie",
          "captain" : false,
          "skating" : 2,
          "shooting" : 17,
          "checking" : 8,
          "saving" : 6,
          "age" : 21,
          "daysToAge" : 1,
          "strength" : 0.0,
          "injuredDays" : 0,
          "injured" : false,
          "retired" : false
        }, {
          "playerName" : "Don Singh",
          "position" : "forward",
          "captain" : false,
          "skating" : 20,
          "shooting" : 13,
          "checking" : 16,
          "saving" : 5,
          "age" : 18,
          "daysToAge" : 1,
          "strength" : 0.0,
          "injuredDays" : 0,
          "injured" : false,
          "retired" : false
        } ],
        "teamType" : "ai",
        "lossPoints" : 0,
        "teamStrength" : 0.0
      }, {
        "teamName" : "Tokyo Monkeys",
        "generalManager" : "Zongming Williamson",
        "headCoach" : {
          "name" : "Don Morrison",
          "skating" : 0.73,
          "shooting" : 0.71,
          "checking" : 0.93,
          "saving" : 0.73
        },
        "players" : [ {
          "playerName" : "Tina Wu",
          "position" : "forward",
          "captain" : false,
          "skating" : 13,
          "shooting" : 2,
          "checking" : 11,
          "saving" : 15,
          "age" : 24,
          "daysToAge" : 1,
          "strength" : 0.0,
          "injuredDays" : 0,
          "injured" : false,
          "retired" : false
        }, {
          "playerName" : "Zongming Morrison",
          "position" : "forward",
          "captain" : false,
          "skating" : 18,
          "shooting" : 12,
          "checking" : 20,
          "saving" : 11,
          "age" : 31,
          "daysToAge" : 1,
          "strength" : 0.0,
          "injuredDays" : 0,
          "injured" : false,
          "retired" : false
        }, {
          "playerName" : "Zongming Marley",
          "position" : "forward",
          "captain" : false,
          "skating" : 10,
          "shooting" : 15,
          "checking" : 13,
          "saving" : 13,
          "age" : 34,
          "daysToAge" : 1,
          "strength" : 0.0,
          "injuredDays" : 0,
          "injured" : false,
          "retired" : false
        }, {
          "playerName" : "Roger Thomson",
          "position" : "forward",
          "captain" : false,
          "skating" : 2,
          "shooting" : 7,
          "checking" : 5,
          "saving" : 6,
          "age" : 32,
          "daysToAge" : 1,
          "strength" : 0.0,
          "injuredDays" : 0,
          "injured" : false,
          "retired" : false
        }, {
          "playerName" : "Walter Marley",
          "position" : "forward",
          "captain" : false,
          "skating" : 18,
          "shooting" : 8,
          "checking" : 3,
          "saving" : 8,
          "age" : 29,
          "daysToAge" : 1,
          "strength" : 0.0,
          "injuredDays" : 0,
          "injured" : false,
          "retired" : false
        }, {
          "playerName" : "Mohammed Khatri",
          "position" : "forward",
          "captain" : false,
          "skating" : 1,
          "shooting" : 18,
          "checking" : 12,
          "saving" : 17,
          "age" : 33,
          "daysToAge" : 1,
          "strength" : 0.0,
          "injuredDays" : 0,
          "injured" : false,
          "retired" : false
        }, {
          "playerName" : "Mohammed Chang",
          "position" : "forward",
          "captain" : false,
          "skating" : 13,
          "shooting" : 3,
          "checking" : 13,
          "saving" : 4,
          "age" : 20,
          "daysToAge" : 1,
          "strength" : 0.0,
          "injuredDays" : 0,
          "injured" : false,
          "retired" : false
        }, {
          "playerName" : "Nancy Bishop",
          "position" : "forward",
          "captain" : false,
          "skating" : 10,
          "shooting" : 11,
          "checking" : 14,
          "saving" : 12,
          "age" : 34,
          "daysToAge" : 1,
          "strength" : 0.0,
          "injuredDays" : 0,
          "injured" : false,
          "retired" : false
        }, {
          "playerName" : "Mary Morrison",
          "position" : "forward",
          "captain" : false,
          "skating" : 3,
          "shooting" : 14,
          "checking" : 4,
          "saving" : 8,
          "age" : 28,
          "daysToAge" : 1,
          "strength" : 0.0,
          "injuredDays" : 0,
          "injured" : false,
          "retired" : false
        }, {
          "playerName" : "Bonnie Fei",
          "position" : "defense",
          "captain" : false,
          "skating" : 1,
          "shooting" : 10,
          "checking" : 16,
          "saving" : 10,
          "age" : 24,
          "daysToAge" : 1,
          "strength" : 0.0,
          "injuredDays" : 0,
          "injured" : false,
          "retired" : false
        }, {
          "playerName" : "John Thomson",
          "position" : "defense",
          "captain" : false,
          "skating" : 3,
          "shooting" : 8,
          "checking" : 6,
          "saving" : 14,
          "age" : 30,
          "daysToAge" : 1,
          "strength" : 0.0,
          "injuredDays" : 0,
          "injured" : false,
          "retired" : false
        }, {
          "playerName" : "Tina Halen",
          "position" : "defense",
          "captain" : false,
          "skating" : 8,
          "shooting" : 20,
          "checking" : 19,
          "saving" : 12,
          "age" : 19,
          "daysToAge" : 1,
          "strength" : 0.0,
          "injuredDays" : 0,
          "injured" : false,
          "retired" : false
        }, {
          "playerName" : "Rob Bishop",
          "position" : "defense",
          "captain" : false,
          "skating" : 12,
          "shooting" : 18,
          "checking" : 7,
          "saving" : 16,
          "age" : 29,
          "daysToAge" : 1,
          "strength" : 0.0,
          "injuredDays" : 0,
          "injured" : false,
          "retired" : false
        }, {
          "playerName" : "Abraham Wu",
          "position" : "defense",
          "captain" : false,
          "skating" : 5,
          "shooting" : 10,
          "checking" : 20,
          "saving" : 1,
          "age" : 28,
          "daysToAge" : 1,
          "strength" : 0.0,
          "injuredDays" : 0,
          "injured" : false,
          "retired" : false
        }, {
          "playerName" : "Roger Khatri",
          "position" : "defense",
          "captain" : false,
          "skating" : 11,
          "shooting" : 8,
          "checking" : 14,
          "saving" : 19,
          "age" : 24,
          "daysToAge" : 1,
          "strength" : 0.0,
          "injuredDays" : 0,
          "injured" : false,
          "retired" : false
        }, {
          "playerName" : "Mike Khatri",
          "position" : "defense",
          "captain" : true,
          "skating" : 10,
          "shooting" : 12,
          "checking" : 13,
          "saving" : 13,
          "age" : 18,
          "daysToAge" : 1,
          "strength" : 0.0,
          "injuredDays" : 0,
          "injured" : false,
          "retired" : false
        }, {
          "playerName" : "Wen Marley",
          "position" : "defense",
          "captain" : false,
          "skating" : 6,
          "shooting" : 6,
          "checking" : 10,
          "saving" : 13,
          "age" : 26,
          "daysToAge" : 1,
          "strength" : 0.0,
          "injuredDays" : 0,
          "injured" : false,
          "retired" : false
        }, {
          "playerName" : "Zongming Cherry",
          "position" : "forward",
          "captain" : false,
          "skating" : 2,
          "shooting" : 9,
          "checking" : 5,
          "saving" : 13,
          "age" : 22,
          "daysToAge" : 1,
          "strength" : 0.0,
          "injuredDays" : 0,
          "injured" : false,
          "retired" : false
        }, {
          "playerName" : "Tina Hawkins",
          "position" : "goalie",
          "captain" : false,
          "skating" : 17,
          "shooting" : 1,
          "checking" : 15,
          "saving" : 15,
          "age" : 25,
          "daysToAge" : 1,
          "strength" : 0.0,
          "injuredDays" : 0,
          "injured" : false,
          "retired" : false
        }, {
          "playerName" : "Wen Nelson",
          "position" : "forward",
          "captain" : false,
          "skating" : 16,
          "shooting" : 6,
          "checking" : 17,
          "saving" : 19,
          "age" : 28,
          "daysToAge" : 1,
          "strength" : 0.0,
          "injuredDays" : 0,
          "injured" : false,
          "retired" : false
        } ],
        "teamType" : "ai",
        "lossPoints" : 0,
        "teamStrength" : 0.0
      }, {
        "teamName" : "Winnipeg Wild Cats",
        "generalManager" : "Mike Greenbaum",
        "headCoach" : {
          "name" : "Don Liu",
          "skating" : 0.27,
          "shooting" : 0.12,
          "checking" : 0.75,
          "saving" : 0.33
        },
        "players" : [ {
          "playerName" : "Mike Burbchuk",
          "position" : "forward",
          "captain" : false,
          "skating" : 17,
          "shooting" : 7,
          "checking" : 3,
          "saving" : 17,
          "age" : 21,
          "daysToAge" : 1,
          "strength" : 0.0,
          "injuredDays" : 0,
          "injured" : false,
          "retired" : false
        }, {
          "playerName" : "Mike Hawkey",
          "position" : "forward",
          "captain" : false,
          "skating" : 14,
          "shooting" : 18,
          "checking" : 12,
          "saving" : 4,
          "age" : 19,
          "daysToAge" : 1,
          "strength" : 0.0,
          "injuredDays" : 0,
          "injured" : false,
          "retired" : false
        }, {
          "playerName" : "Don Marley",
          "position" : "forward",
          "captain" : false,
          "skating" : 20,
          "shooting" : 13,
          "checking" : 19,
          "saving" : 1,
          "age" : 35,
          "daysToAge" : 1,
          "strength" : 0.0,
          "injuredDays" : 0,
          "injured" : false,
          "retired" : false
        }, {
          "playerName" : "Abraham Chang",
          "position" : "forward",
          "captain" : false,
          "skating" : 16,
          "shooting" : 12,
          "checking" : 9,
          "saving" : 4,
          "age" : 24,
          "daysToAge" : 1,
          "strength" : 0.0,
          "injuredDays" : 0,
          "injured" : false,
          "retired" : false
        }, {
          "playerName" : "Mohammed Thomson",
          "position" : "forward",
          "captain" : false,
          "skating" : 19,
          "shooting" : 16,
          "checking" : 9,
          "saving" : 15,
          "age" : 35,
          "daysToAge" : 1,
          "strength" : 0.0,
          "injuredDays" : 0,
          "injured" : false,
          "retired" : false
        }, {
          "playerName" : "Zongming Bishop",
          "position" : "forward",
          "captain" : false,
          "skating" : 1,
          "shooting" : 15,
          "checking" : 15,
          "saving" : 16,
          "age" : 23,
          "daysToAge" : 1,
          "strength" : 0.0,
          "injuredDays" : 0,
          "injured" : false,
          "retired" : false
        }, {
          "playerName" : "Mary Singh",
          "position" : "forward",
          "captain" : false,
          "skating" : 1,
          "shooting" : 17,
          "checking" : 20,
          "saving" : 9,
          "age" : 34,
          "daysToAge" : 1,
          "strength" : 0.0,
          "injuredDays" : 0,
          "injured" : false,
          "retired" : false
        }, {
          "playerName" : "Roger Marley",
          "position" : "forward",
          "captain" : false,
          "skating" : 5,
          "shooting" : 16,
          "checking" : 10,
          "saving" : 15,
          "age" : 31,
          "daysToAge" : 1,
          "strength" : 0.0,
          "injuredDays" : 0,
          "injured" : false,
          "retired" : false
        }, {
          "playerName" : "Roger Hawkins",
          "position" : "forward",
          "captain" : false,
          "skating" : 3,
          "shooting" : 13,
          "checking" : 15,
          "saving" : 1,
          "age" : 25,
          "daysToAge" : 1,
          "strength" : 0.0,
          "injuredDays" : 0,
          "injured" : false,
          "retired" : false
        }, {
          "playerName" : "Raghav Williamson",
          "position" : "defense",
          "captain" : false,
          "skating" : 12,
          "shooting" : 13,
          "checking" : 12,
          "saving" : 18,
          "age" : 28,
          "daysToAge" : 1,
          "strength" : 0.0,
          "injuredDays" : 0,
          "injured" : false,
          "retired" : false
        }, {
          "playerName" : "Wen Halen",
          "position" : "defense",
          "captain" : false,
          "skating" : 6,
          "shooting" : 13,
          "checking" : 7,
          "saving" : 2,
          "age" : 27,
          "daysToAge" : 1,
          "strength" : 0.0,
          "injuredDays" : 0,
          "injured" : false,
          "retired" : false
        }, {
          "playerName" : "Fred Smith",
          "position" : "defense",
          "captain" : false,
          "skating" : 1,
          "shooting" : 8,
          "checking" : 9,
          "saving" : 15,
          "age" : 31,
          "daysToAge" : 1,
          "strength" : 0.0,
          "injuredDays" : 0,
          "injured" : false,
          "retired" : false
        }, {
          "playerName" : "Don Samson",
          "position" : "defense",
          "captain" : false,
          "skating" : 19,
          "shooting" : 2,
          "checking" : 4,
          "saving" : 3,
          "age" : 24,
          "daysToAge" : 1,
          "strength" : 0.0,
          "injuredDays" : 0,
          "injured" : false,
          "retired" : false
        }, {
          "playerName" : "Tami Patel",
          "position" : "defense",
          "captain" : false,
          "skating" : 2,
          "shooting" : 18,
          "checking" : 4,
          "saving" : 13,
          "age" : 32,
          "daysToAge" : 1,
          "strength" : 0.0,
          "injuredDays" : 0,
          "injured" : false,
          "retired" : false
        }, {
          "playerName" : "Fred Khatri",
          "position" : "defense",
          "captain" : false,
          "skating" : 8,
          "shooting" : 9,
          "checking" : 10,
          "saving" : 12,
          "age" : 32,
          "daysToAge" : 1,
          "strength" : 0.0,
          "injuredDays" : 0,
          "injured" : false,
          "retired" : false
        }, {
          "playerName" : "John Williamson",
          "position" : "defense",
          "captain" : false,
          "skating" : 5,
          "shooting" : 8,
          "checking" : 13,
          "saving" : 5,
          "age" : 33,
          "daysToAge" : 1,
          "strength" : 0.0,
          "injuredDays" : 0,
          "injured" : false,
          "retired" : false
        }, {
          "playerName" : "Bonnie Patel",
          "position" : "defense",
          "captain" : false,
          "skating" : 3,
          "shooting" : 1,
          "checking" : 16,
          "saving" : 8,
          "age" : 23,
          "daysToAge" : 1,
          "strength" : 0.0,
          "injuredDays" : 0,
          "injured" : false,
          "retired" : false
        }, {
          "playerName" : "Tami Thomson",
          "position" : "forward",
          "captain" : false,
          "skating" : 4,
          "shooting" : 7,
          "checking" : 6,
          "saving" : 20,
          "age" : 25,
          "daysToAge" : 1,
          "strength" : 0.0,
          "injuredDays" : 0,
          "injured" : false,
          "retired" : false
        }, {
          "playerName" : "Zongming Samson",
          "position" : "goalie",
          "captain" : false,
          "skating" : 16,
          "shooting" : 12,
          "checking" : 12,
          "saving" : 20,
          "age" : 32,
          "daysToAge" : 1,
          "strength" : 0.0,
          "injuredDays" : 0,
          "injured" : false,
          "retired" : false
        }, {
          "playerName" : "Chris Chang",
          "position" : "forward",
          "captain" : true,
          "skating" : 20,
          "shooting" : 4,
          "checking" : 20,
          "saving" : 16,
          "age" : 29,
          "daysToAge" : 1,
          "strength" : 0.0,
          "injuredDays" : 0,
          "injured" : false,
          "retired" : false
        } ],
        "teamType" : "ai",
        "lossPoints" : 0,
        "teamStrength" : 0.0
      } ]
    }, {
      "divisionName" : "Central",
      "teams" : [ {
        "teamName" : "Montreal Privateers",
        "generalManager" : "John Halen",
        "headCoach" : {
          "name" : "Roger Cherry",
          "skating" : 0.48,
          "shooting" : 0.47,
          "checking" : 0.45,
          "saving" : 0.75
        },
        "players" : [ {
          "playerName" : "Zongming Nelson",
          "position" : "forward",
          "captain" : false,
          "skating" : 1,
          "shooting" : 7,
          "checking" : 11,
          "saving" : 18,
          "age" : 25,
          "daysToAge" : 1,
          "strength" : 0.0,
          "injuredDays" : 0,
          "injured" : false,
          "retired" : false
        }, {
          "playerName" : "Wen Burbchuk",
          "position" : "forward",
          "captain" : false,
          "skating" : 16,
          "shooting" : 6,
          "checking" : 11,
          "saving" : 8,
[...]
    "checking" : 19,
    "saving" : 17,
    "age" : 0,
    "strength" : 0.0
  }, {
    "playerName" : "Rob Liu",
    "position" : "forward",
    "skating" : 7,
    "shooting" : 14,
    "checking" : 5,
    "saving" : 7,
    "age" : 0,
    "strength" : 0.0
  }, {
    "playerName" : "Raghav Nelson",
    "position" : "forward",
    "skating" : 12,
    "shooting" : 1,
    "checking" : 15,
    "saving" : 3,
    "age" : 0,
    "strength" : 0.0
  }, {
    "playerName" : "Abraham Hawkins",
    "position" : "defense",
    "skating" : 8,
    "shooting" : 6,
    "checking" : 7,
    "saving" : 15,
    "age" : 0,
    "strength" : 0.0
  }, {
    "playerName" : "Rob Liu",
    "position" : "forward",
    "skating" : 12,
    "shooting" : 15,
    "checking" : 8,
    "saving" : 7,
    "age" : 0,
    "strength" : 0.0
  }, {
    "playerName" : "Rob Patel",
    "position" : "forward",
    "skating" : 20,
    "shooting" : 10,
    "checking" : 9,
    "saving" : 18,
    "age" : 0,
    "strength" : 0.0
  }, {
    "playerName" : "Nancy Hawkins",
    "position" : "defense",
    "skating" : 7,
    "shooting" : 16,
    "checking" : 20,
    "saving" : 2,
    "age" : 0,
    "strength" : 0.0
  }, {
    "playerName" : "Mike Wu",
    "position" : "defense",
    "skating" : 2,
    "shooting" : 2,
    "checking" : 11,
    "saving" : 11,
    "age" : 0,
    "strength" : 0.0
  }, {
    "playerName" : "Don Samson",
    "position" : "forward",
    "skating" : 12,
    "shooting" : 11,
    "checking" : 15,
    "saving" : 9,
    "age" : 0,
    "strength" : 0.0
  }, {
    "playerName" : "Fred Hawkins",
    "position" : "defense",
    "skating" : 15,
    "shooting" : 8,
    "checking" : 17,
    "saving" : 17,
    "age" : 0,
    "strength" : 0.0
  }, {
    "playerName" : "Prashant Samson",
    "position" : "goalie",
    "skating" : 13,
    "shooting" : 17,
    "checking" : 10,
    "saving" : 19,
    "age" : 0,
    "strength" : 0.0
  }, {
    "playerName" : "Mary Patel",
    "position" : "goalie",
    "skating" : 15,
    "shooting" : 4,
    "checking" : 9,
    "saving" : 20,
    "age" : 0,
    "strength" : 0.0
  }, {
    "playerName" : "Pat Singh",
    "position" : "defense",
    "skating" : 18,
    "shooting" : 2,
    "checking" : 5,
    "saving" : 11,
    "age" : 0,
    "strength" : 0.0
  }, {
    "playerName" : "Mohammed Burbchuk",
    "position" : "defense",
    "skating" : 18,
    "shooting" : 1,
    "checking" : 11,
    "saving" : 1,
    "age" : 0,
    "strength" : 0.0
  }, {
    "playerName" : "Mike Burbchuk",
    "position" : "goalie",
    "skating" : 4,
    "shooting" : 19,
    "checking" : 4,
    "saving" : 15,
    "age" : 0,
    "strength" : 0.0
  }, {
    "playerName" : "Wen Marley",
    "position" : "goalie",
    "skating" : 13,
    "shooting" : 16,
    "checking" : 15,
    "saving" : 14,
    "age" : 0,
    "strength" : 0.0
  }, {
    "playerName" : "Wen Fei",
    "position" : "defense",
    "skating" : 6,
    "shooting" : 2,
    "checking" : 7,
    "saving" : 6,
    "age" : 0,
    "strength" : 0.0
  }, {
    "playerName" : "Abraham Patel",
    "position" : "goalie",
    "skating" : 10,
    "shooting" : 19,
    "checking" : 5,
    "saving" : 5,
    "age" : 0,
    "strength" : 0.0
  }, {
    "playerName" : "Pat Thomson",
    "position" : "defense",
    "skating" : 4,
    "shooting" : 1,
    "checking" : 16,
    "saving" : 10,
    "age" : 0,
    "strength" : 0.0
  }, {
    "playerName" : "Mary Smith",
    "position" : "defense",
    "skating" : 4,
    "shooting" : 2,
    "checking" : 5,
    "saving" : 7,
    "age" : 0,
    "strength" : 0.0
  }, {
    "playerName" : "Roger Smith",
    "position" : "goalie",
    "skating" : 15,
    "shooting" : 4,
    "checking" : 1,
    "saving" : 5,
    "age" : 0,
    "strength" : 0.0
  }, {
    "playerName" : "Wen Williamson",
    "position" : "goalie",
    "skating" : 20,
    "shooting" : 18,
    "checking" : 15,
    "saving" : 5,
    "age" : 0,
    "strength" : 0.0
  }, {
    "playerName" : "Mary Hawkins",
    "position" : "goalie",
    "skating" : 10,
    "shooting" : 7,
    "checking" : 12,
    "saving" : 10,
    "age" : 0,
    "strength" : 0.0
  }, {
    "playerName" : "Raghav Thomson",
    "position" : "goalie",
    "skating" : 12,
    "shooting" : 9,
    "checking" : 20,
    "saving" : 16,
    "age" : 0,
    "strength" : 0.0
  }, {
    "playerName" : "Tina Hawkins",
    "position" : "goalie",
    "skating" : 1,
    "shooting" : 5,
    "checking" : 13,
    "saving" : 5,
    "age" : 0,
    "strength" : 0.0
  }, {
    "playerName" : "Mohammed Burbchuk",
    "position" : "forward",
    "skating" : 10,
    "shooting" : 1,
    "checking" : 7,
    "saving" : 7,
    "age" : 0,
    "strength" : 0.0
  }, {
    "playerName" : "Mary Singh",
    "position" : "goalie",
    "skating" : 16,
    "shooting" : 8,
    "checking" : 18,
    "saving" : 5,
    "age" : 0,
    "strength" : 0.0
  }, {
    "playerName" : "Mike Smith",
    "position" : "forward",
    "skating" : 2,
    "shooting" : 6,
    "checking" : 8,
    "saving" : 5,
    "age" : 0,
    "strength" : 0.0
  }, {
    "playerName" : "Bonnie Liu",
    "position" : "goalie",
    "skating" : 20,
    "shooting" : 3,
    "checking" : 13,
    "saving" : 19,
    "age" : 0,
    "strength" : 0.0
  }, {
    "playerName" : "Don Burbchuk",
    "position" : "defense",
    "skating" : 3,
    "shooting" : 5,
    "checking" : 1,
    "saving" : 8,
    "age" : 0,
    "strength" : 0.0
  }, {
    "playerName" : "Chris Morrison",
    "position" : "forward",
    "skating" : 15,
    "shooting" : 2,
    "checking" : 9,
    "saving" : 7,
    "age" : 0,
    "strength" : 0.0
  }, {
    "playerName" : "Nancy Smith",
    "position" : "forward",
    "skating" : 16,
    "shooting" : 17,
    "checking" : 18,
    "saving" : 6,
    "age" : 0,
    "strength" : 0.0
  }, {
    "playerName" : "Hardik Thomson",
    "position" : "goalie",
    "skating" : 6,
    "shooting" : 20,
    "checking" : 1,
    "saving" : 3,
    "age" : 0,
    "strength" : 0.0
  }, {
    "playerName" : "John Smith",
    "position" : "defense",
    "skating" : 4,
    "shooting" : 7,
    "checking" : 6,
    "saving" : 14,
    "age" : 0,
    "strength" : 0.0
  }, {
    "playerName" : "Tina Patel",
    "position" : "defense",
    "skating" : 14,
    "shooting" : 14,
    "checking" : 4,
    "saving" : 6,
    "age" : 0,
    "strength" : 0.0
  }, {
    "playerName" : "Hardik Wu",
    "position" : "defense",
    "skating" : 3,
    "shooting" : 10,
    "checking" : 7,
    "saving" : 13,
    "age" : 0,
    "strength" : 0.0
  }, {
    "playerName" : "Tina Greenbaum",
    "position" : "goalie",
    "skating" : 11,
    "shooting" : 20,
    "checking" : 15,
    "saving" : 8,
    "age" : 0,
    "strength" : 0.0
  }, {
    "playerName" : "Tami Chang",
    "position" : "goalie",
    "skating" : 9,
    "shooting" : 1,
    "checking" : 16,
    "saving" : 7,
    "age" : 0,
    "strength" : 0.0
  }, {
    "playerName" : "Walter Liu",
    "position" : "goalie",
    "skating" : 2,
    "shooting" : 1,
    "checking" : 17,
    "saving" : 7,
    "age" : 0,
    "strength" : 0.0
  }, {
    "playerName" : "Walter Hawkey",
    "position" : "forward",
    "skating" : 2,
    "shooting" : 11,
    "checking" : 18,
    "saving" : 14,
    "age" : 0,
    "strength" : 0.0
  }, {
    "playerName" : "Fred Chang",
    "position" : "defense",
    "skating" : 17,
    "shooting" : 8,
    "checking" : 20,
    "saving" : 16,
    "age" : 0,
    "strength" : 0.0
  }, {
    "playerName" : "Zongming Morrison",
    "position" : "defense",
    "skating" : 8,
    "shooting" : 6,
    "checking" : 8,
    "saving" : 1,
    "age" : 0,
    "strength" : 0.0
  }, {
    "playerName" : "Pat Wu",
    "position" : "defense",
    "skating" : 14,
    "shooting" : 11,
    "checking" : 6,
    "saving" : 15,
    "age" : 0,
    "strength" : 0.0
  }, {
    "playerName" : "Prashant Fei",
    "position" : "forward",
    "skating" : 18,
    "shooting" : 11,
    "checking" : 4,
    "saving" : 15,
    "age" : 0,
    "strength" : 0.0
  }, {
    "playerName" : "Rob Wu",
    "position" : "defense",
    "skating" : 10,
    "shooting" : 13,
    "checking" : 12,
    "saving" : 9,
    "age" : 0,
    "strength" : 0.0
  }, {
    "playerName" : "Rob Marley",
    "position" : "defense",
    "skating" : 19,
    "shooting" : 18,
    "checking" : 8,
    "saving" : 2,
    "age" : 0,
    "strength" : 0.0
  }, {
    "playerName" : "Mike Thomson",
    "position" : "forward",
    "skating" : 18,
    "shooting" : 12,
    "checking" : 15,
    "saving" : 15,
    "age" : 0,
    "strength" : 0.0
  }, {
    "playerName" : "Nancy Khatri",
    "position" : "goalie",
    "skating" : 16,
    "shooting" : 8,
    "checking" : 10,
    "saving" : 9,
    "age" : 0,
    "strength" : 0.0
  }, {
    "playerName" : "Rashita Marley",
    "position" : "defense",
    "skating" : 1,
    "shooting" : 6,
    "checking" : 18,
    "saving" : 15,
    "age" : 0,
    "strength" : 0.0
  }, {
    "playerName" : "John Samson",
    "position" : "goalie",
    "skating" : 4,
    "shooting" : 19,
    "checking" : 3,
    "saving" : 6,
    "age" : 0,
    "strength" : 0.0
  }, {
    "playerName" : "Mohammed Smith",
    "position" : "forward",
    "skating" : 11,
    "shooting" : 9,
    "checking" : 5,
    "saving" : 7,
    "age" : 0,
    "strength" : 0.0
  }, {
    "playerName" : "Chris Chang",
    "position" : "defense",
    "skating" : 7,
    "shooting" : 11,
    "checking" : 3,
    "saving" : 3,
    "age" : 0,
    "strength" : 0.0
  }, {
    "playerName" : "Hardik Singh",
    "position" : "goalie",
    "skating" : 6,
    "shooting" : 3,
    "checking" : 5,
    "saving" : 3,
    "age" : 0,
    "strength" : 0.0
  }, {
    "playerName" : "Abraham Marley",
    "position" : "goalie",
    "skating" : 14,
    "shooting" : 11,
    "checking" : 16,
    "saving" : 3,
    "age" : 0,
    "strength" : 0.0
  }, {
    "playerName" : "Mary Hawkey",
    "position" : "forward",
    "skating" : 19,
    "shooting" : 14,
    "checking" : 20,
    "saving" : 19,
    "age" : 0,
    "strength" : 0.0
  }, {
    "playerName" : "Chris Samson",
    "position" : "goalie",
    "skating" : 8,
    "shooting" : 18,
    "checking" : 5,
    "saving" : 12,
    "age" : 0,
    "strength" : 0.0
  }, {
    "playerName" : "Mohammed Greenbaum",
    "position" : "goalie",
    "skating" : 10,
    "shooting" : 20,
    "checking" : 7,
    "saving" : 10,
    "age" : 0,
    "strength" : 0.0
  }, {
    "playerName" : "Bonnie Hawkins",
    "position" : "forward",
    "skating" : 8,
    "shooting" : 11,
    "checking" : 6,
    "saving" : 5,
    "age" : 0,
    "strength" : 0.0
  }, {
    "playerName" : "Rob Patel",
    "position" : "goalie",
    "skating" : 2,
    "shooting" : 8,
    "checking" : 5,
    "saving" : 9,
    "age" : 0,
    "strength" : 0.0
  }, {
    "playerName" : "Chris Chang",
    "position" : "defense",
    "skating" : 20,
    "shooting" : 1,
    "checking" : 7,
    "saving" : 14,
    "age" : 0,
    "strength" : 0.0
  }, {
    "playerName" : "Fred Wu",
    "position" : "forward",
    "skating" : 2,
    "shooting" : 16,
    "checking" : 2,
    "saving" : 16,
    "age" : 0,
    "strength" : 0.0
  }, {
    "playerName" : "Abraham Patel",
    "position" : "defense",
    "skating" : 6,
    "shooting" : 6,
    "checking" : 4,
    "saving" : 12,
    "age" : 0,
    "strength" : 0.0
  }, {
    "playerName" : "John Patel",
    "position" : "forward",
    "skating" : 2,
    "shooting" : 16,
    "checking" : 5,
    "saving" : 7,
    "age" : 0,
    "strength" : 0.0
  }, {
    "playerName" : "Prashant Cherry",
    "position" : "forward",
    "skating" : 6,
    "shooting" : 5,
    "checking" : 6,
    "saving" : 15,
    "age" : 0,
    "strength" : 0.0
  }, {
    "playerName" : "Mike Thomson",
    "position" : "defense",
    "skating" : 9,
    "shooting" : 17,
    "checking" : 19,
    "saving" : 6,
    "age" : 0,
    "strength" : 0.0
  }, {
    "playerName" : "Mike Cherry",
    "position" : "forward",
    "skating" : 13,
    "shooting" : 8,
    "checking" : 14,
    "saving" : 12,
    "age" : 0,
    "strength" : 0.0
  }, {
    "playerName" : "Don Khatri",
    "position" : "goalie",
    "skating" : 10,
    "shooting" : 11,
    "checking" : 18,
    "saving" : 17,
    "age" : 0,
    "strength" : 0.0
  }, {
    "playerName" : "Pat Marley",
    "position" : "defense",
    "skating" : 5,
    "shooting" : 6,
    "checking" : 15,
    "saving" : 16,
    "age" : 0,
    "strength" : 0.0
  }, {
    "playerName" : "Hardik Morrison",
    "position" : "goalie",
    "skating" : 17,
    "shooting" : 1,
    "checking" : 2,
    "saving" : 1,
    "age" : 0,
    "strength" : 0.0
  }, {
    "playerName" : "Free1",
    "position" : "forward",
    "skating" : 15,
    "shooting" : 16,
    "checking" : 17,
    "saving" : 18,
    "age" : 0,
    "strength" : 0.0
  }, {
    "playerName" : "Free1",
    "position" : "forward",
    "skating" : 15,
    "shooting" : 16,
    "checking" : 17,
    "saving" : 18,
    "age" : 0,
    "strength" : 0.0
  }, {
    "playerName" : "Free1",
    "position" : "forward",
    "skating" : 15,
    "shooting" : 16,
    "checking" : 17,
    "saving" : 18,
    "age" : 0,
    "strength" : 0.0
  }, {
    "playerName" : "Free1",
    "position" : "forward",
    "skating" : 15,
    "shooting" : 16,
    "checking" : 17,
    "saving" : 18,
    "age" : 0,
    "strength" : 0.0
  }, {
    "playerName" : "Free1",
    "position" : "forward",
    "skating" : 15,
    "shooting" : 16,
    "checking" : 17,
    "saving" : 18,
    "age" : 0,
    "strength" : 0.0
  }, {
    "playerName" : "Free1",
    "position" : "forward",
    "skating" : 15,
    "shooting" : 16,
    "checking" : 17,
    "saving" : 18,
    "age" : 0,
    "strength" : 0.0
  }, {
    "playerName" : "Free1",
    "position" : "forward",
    "skating" : 15,
    "shooting" : 16,
    "checking" : 17,
    "saving" : 18,
    "age" : 0,
    "strength" : 0.0
  }, {
    "playerName" : "Free1",
    "position" : "forward",
    "skating" : 15,
    "shooting" : 16,
    "checking" : 17,
    "saving" : 18,
    "age" : 0,
    "strength" : 0.0
  }, {
    "playerName" : "Free1",
    "position" : "forward",
    "skating" : 15,
    "shooting" : 16,
    "checking" : 17,
    "saving" : 18,
    "age" : 0,
    "strength" : 0.0
  }, {
    "playerName" : "Free1",
    "position" : "forward",
    "skating" : 15,
    "shooting" : 16,
    "checking" : 17,
    "saving" : 18,
    "age" : 0,
    "strength" : 0.0
  }, {
    "playerName" : "Free1",
    "position" : "forward",
    "skating" : 15,
    "shooting" : 16,
    "checking" : 17,
    "saving" : 18,
    "age" : 0,
    "strength" : 0.0
  }, {
    "playerName" : "Free1",
    "position" : "forward",
    "skating" : 15,
    "shooting" : 16,
    "checking" : 17,
    "saving" : 18,
    "age" : 0,
    "strength" : 0.0
  }, {
    "playerName" : "Free1",
    "position" : "forward",
    "skating" : 15,
    "shooting" : 16,
    "checking" : 17,
    "saving" : 18,
    "age" : 0,
    "strength" : 0.0
  }, {
    "playerName" : "Free1",
    "position" : "forward",
    "skating" : 15,
    "shooting" : 16,
    "checking" : 17,
    "saving" : 18,
    "age" : 0,
    "strength" : 0.0
  }, {
    "playerName" : "Free1",
    "position" : "forward",
    "skating" : 15,
    "shooting" : 16,
    "checking" : 17,
    "saving" : 18,
    "age" : 0,
    "strength" : 0.0
  }, {
    "playerName" : "Free1",
    "position" : "forward",
    "skating" : 15,
    "shooting" : 16,
    "checking" : 17,
    "saving" : 18,
    "age" : 0,
    "strength" : 0.0
  }, {
    "playerName" : "Free1",
    "position" : "forward",
    "skating" : 15,
    "shooting" : 16,
    "checking" : 17,
    "saving" : 18,
    "age" : 0,
    "strength" : 0.0
  }, {
    "playerName" : "Free1",
    "position" : "forward",
    "skating" : 15,
    "shooting" : 16,
    "checking" : 17,
    "saving" : 18,
    "age" : 0,
    "strength" : 0.0
  }, {
    "playerName" : "Free1",
    "position" : "forward",
    "skating" : 15,
    "shooting" : 16,
    "checking" : 17,
    "saving" : 18,
    "age" : 0,
    "strength" : 0.0
  }, {
    "playerName" : "Free1",
    "position" : "forward",
    "skating" : 15,
    "shooting" : 16,
    "checking" : 17,
    "saving" : 18,
    "age" : 0,
    "strength" : 0.0
  }, {
    "playerName" : "Free1",
    "position" : "forward",
    "skating" : 15,
    "shooting" : 16,
    "checking" : 17,
    "saving" : 18,
    "age" : 0,
    "strength" : 0.0
  }, {
    "playerName" : "Free1",
    "position" : "forward",
    "skating" : 15,
    "shooting" : 16,
    "checking" : 17,
    "saving" : 18,
    "age" : 0,
    "strength" : 0.0
  }, {
    "playerName" : "Free1",
    "position" : "forward",
    "skating" : 15,
    "shooting" : 16,
    "checking" : 17,
    "saving" : 18,
    "age" : 0,
    "strength" : 0.0
  }, {
    "playerName" : "Free1",
    "position" : "forward",
    "skating" : 15,
    "shooting" : 16,
    "checking" : 17,
    "saving" : 18,
    "age" : 0,
    "strength" : 0.0
  }, {
    "playerName" : "Free1",
    "position" : "forward",
    "skating" : 15,
    "shooting" : 16,
    "checking" : 17,
    "saving" : 18,
    "age" : 0,
    "strength" : 0.0
  }, {
    "playerName" : "Free1",
    "position" : "forward",
    "skating" : 15,
    "shooting" : 16,
    "checking" : 17,
    "saving" : 18,
    "age" : 0,
    "strength" : 0.0
  }, {
    "playerName" : "Free1",
    "position" : "forward",
    "skating" : 15,
    "shooting" : 16,
    "checking" : 17,
    "saving" : 18,
    "age" : 0,
    "strength" : 0.0
  }, {
    "playerName" : "Free1",
    "position" : "forward",
    "skating" : 15,
    "shooting" : 16,
    "checking" : 17,
    "saving" : 18,
    "age" : 0,
    "strength" : 0.0
  }, {
    "playerName" : "Free1",
    "position" : "forward",
    "skating" : 15,
    "shooting" : 16,
    "checking" : 17,
    "saving" : 18,
    "age" : 0,
    "strength" : 0.0
  }, {
    "playerName" : "Free1",
    "position" : "forward",
    "skating" : 15,
    "shooting" : 16,
    "checking" : 17,
    "saving" : 18,
    "age" : 0,
    "strength" : 0.0
  }, {
    "playerName" : "Free1",
    "position" : "forward",
    "skating" : 15,
    "shooting" : 16,
    "checking" : 17,
    "saving" : 18,
    "age" : 0,
    "strength" : 0.0
  }, {
    "playerName" : "Free1",
    "position" : "forward",
    "skating" : 15,
    "shooting" : 16,
    "checking" : 17,
    "saving" : 18,
    "age" : 0,
    "strength" : 0.0
  }, {
    "playerName" : "Free1",
    "position" : "forward",
    "skating" : 15,
    "shooting" : 16,
    "checking" : 17,
    "saving" : 18,
    "age" : 0,
    "strength" : 0.0
  }, {
    "playerName" : "Free1",
    "position" : "forward",
    "skating" : 15,
    "shooting" : 16,
    "checking" : 17,
    "saving" : 18,
    "age" : 0,
    "strength" : 0.0
  }, {
    "playerName" : "Free1",
    "position" : "forward",
    "skating" : 15,
    "shooting" : 16,
    "checking" : 17,
    "saving" : 18,
    "age" : 0,
    "strength" : 0.0
  }, {
    "playerName" : "Free1",
    "position" : "forward",
    "skating" : 15,
    "shooting" : 16,
    "checking" : 17,
    "saving" : 18,
    "age" : 0,
    "strength" : 0.0
  }, {
    "playerName" : "Free1",
    "position" : "forward",
    "skating" : 15,
    "shooting" : 16,
    "checking" : 17,
    "saving" : 18,
    "age" : 0,
    "strength" : 0.0
  } ],
  "coaches" : [ {
    "name" : "Joe Smith",
    "skating" : 0.5,
    "shooting" : 0.8,
    "checking" : 0.3,
    "saving" : 1.0
  } ],
  "generalManagers" : null,
  "leagueNamePresent" : true,
  "gameplayConfig" : {
    "aging" : {
      "averageRetirementAge" : 0,
      "maximumAge" : 0
    },
    "gameResolver" : {
      "randomWinChance" : 0
    },
    "injuries" : {
      "randomInjuryChance" : 0.05,
      "injuryDaysLow" : 1,
      "injuryDaysHigh" : 260
    },
    "trading" : {
      "lossPoint" : 0,
      "randomTradeOfferChance" : 0,
      "maxPlayersPerTrade" : 0,
      "randomAcceptanceChance" : 0
    },
    "training" : {
      "daysUntilStatIncreaseCheck" : 0
    }
  }
}
]]></system-out>
  </testcase>
</testsuite>