<?xml version="1.0" encoding="UTF-8"?>
<testsuite xmlns:xsi="http://www.w3.org/2001/XMLSchema-instance" xsi:noNamespaceSchemaLocation="https://maven.apache.org/surefire/maven-surefire-plugin/xsd/surefire-test-report-3.0.xsd" version="3.0" name="dhl.stateMachineNew.PlayerDraftTest" time="0.03" tests="31" errors="0" skipped="0" failures="0">
  <properties>
[...]
</properties>
  <testcase name="getCheckingForForward" classname="dhl.stateMachineNew.PlayerDraftTest" time="0"/>
  <testcase name="generateGoaliePlayers" classname="dhl.stateMachineNew.PlayerDraftTest" time="0"/>
  <testcase name="generateFirstName" classname="dhl.stateMachineNew.PlayerDraftTest" time="0.001"/>
  <testcase name="getCheckingForGoalie" classname="dhl.stateMachineNew.PlayerDraftTest" time="0"/>
  <testcase name="generateFullName" classname="dhl.stateMachineNew.PlayerDraftTest" time="0.001"/>
  <testcase name="getSavingForForward" classname="dhl.stateMachineNew.PlayerDraftTest" time="0"/>
  <testcase name="setFullName" classname="dhl.stateMachineNew.PlayerDraftTest" time="0"/>
  <testcase name="generateForwardPlayers" classname="dhl.stateMachineNew.PlayerDraftTest" time="0"/>
  <testcase name="getFullName" classname="dhl.stateMachineNew.PlayerDraftTest" time="0"/>
  <testcase name="getSavingForGoalie" classname="dhl.stateMachineNew.PlayerDraftTest" time="0"/>
  <testcase name="getSkatingValueForDefense" classname="dhl.stateMachineNew.PlayerDraftTest" time="0.001"/>
  <testcase name="getShootingForForward" classname="dhl.stateMachineNew.PlayerDraftTest" time="0"/>
  <testcase name="setDraftingPlayerList" classname="dhl.stateMachineNew.PlayerDraftTest" time="0"/>
  <testcase name="getFirstName" classname="dhl.stateMachineNew.PlayerDraftTest" time="0"/>
  <testcase name="generateLastName" classname="dhl.stateMachineNew.PlayerDraftTest" time="0.001"/>
  <testcase name="generateRandomPlayers" classname="dhl.stateMachineNew.PlayerDraftTest" time="0.006">
    <system-out><![CDATA[Mario Lemieux
forward
Skating Value: 19
Shooting Value: 17
Checking Value: 15
Saving Value: 7
Wayne Lemieux
forward
Skating Value: 20
Shooting Value: 17
Checking Value: 17
Saving Value: 5
Steven Gretzky
forward
Skating Value: 15
Shooting Value: 18
Checking Value: 17
Saving Value: 7
Connor Gretzky
forward
Skating Value: 19
Shooting Value: 20
Checking Value: 15
Saving Value: 6
Mario McDavid
forward
Skating Value: 12
Shooting Value: 18
Checking Value: 13
Saving Value: 5
Mario Richard
forward
Skating Value: 20
Shooting Value: 16
Checking Value: 13
Saving Value: 5
Steven McDavid
forward
Skating Value: 18
Shooting Value: 16
Checking Value: 13
Saving Value: 5
Mario Gretzky
forward
Skating Value: 18
Shooting Value: 19
Checking Value: 17
Saving Value: 7
Gordie Stamkos
forward
Skating Value: 19
Shooting Value: 18
Checking Value: 12
Saving Value: 4
Mario Stamkos
forward
Skating Value: 16
Shooting Value: 18
Checking Value: 15
Saving Value: 2
Mario Richard
forward
Skating Value: 19
Shooting Value: 14
Checking Value: 17
Saving Value: 5
Steven McDavid
forward
Skating Value: 17
Shooting Value: 16
Checking Value: 13
Saving Value: 3
John Benn
forward
Skating Value: 20
Shooting Value: 12
Checking Value: 12
Saving Value: 5
Wayne Toews
forward
Skating Value: 16
Shooting Value: 14
Checking Value: 13
Saving Value: 4
Mario Stamkos
forward
Skating Value: 18
Shooting Value: 20
Checking Value: 18
Saving Value: 7
Steven Lemieux
forward
Skating Value: 20
Shooting Value: 17
Checking Value: 18
Saving Value: 5
Mario Toews
forward
Skating Value: 20
Shooting Value: 16
Checking Value: 18
Saving Value: 5
John Benn
forward
Skating Value: 13
Shooting Value: 14
Checking Value: 17
Saving Value: 6
Gordie Lemieux
defense
Skating Value: 15
Shooting Value: 17
Checking Value: 15
Saving Value: 4
Wayne Benn
defense
Skating Value: 10
Shooting Value: 17
Checking Value: 19
Saving Value: 7
John McDavid
defense
Skating Value: 10
Shooting Value: 17
Checking Value: 20
Saving Value: 9
Steven Benn
defense
Skating Value: 17
Shooting Value: 14
Checking Value: 15
Saving Value: 7
Gordie Benn
defense
Skating Value: 18
Shooting Value: 18
Checking Value: 16
Saving Value: 1
Connor Toews
defense
Skating Value: 15
Shooting Value: 16
Checking Value: 15
Saving Value: 1
Jonathan Stamkos
defense
Skating Value: 18
Shooting Value: 17
Checking Value: 16
Saving Value: 5
Connor Gretzky
defense
Skating Value: 14
Shooting Value: 16
Checking Value: 18
Saving Value: 6
Connor Stamkos
defense
Skating Value: 10
Shooting Value: 10
Checking Value: 12
Saving Value: 5
Steven Lemieux
defense
Skating Value: 13
Shooting Value: 18
Checking Value: 16
Saving Value: 5
Wayne Stamkos
defense
Skating Value: 13
Shooting Value: 12
Checking Value: 16
Saving Value: 4
Wayne Richard
defense
Skating Value: 10
Shooting Value: 18
Checking Value: 18
Saving Value: 2
Gordie Richard
defense
Skating Value: 17
Shooting Value: 10
Checking Value: 16
Saving Value: 5
Mario Lemieux
defense
Skating Value: 12
Shooting Value: 17
Checking Value: 15
Saving Value: 3
Wayne Richard
goalie
Skating Value: 11
Shooting Value: 9
Checking Value: 9
Saving Value: 18
Steven Stamkos
goalie
Skating Value: 13
Shooting Value: 6
Checking Value: 8
Saving Value: 18
Steven Gretzky
goalie
Skating Value: 8
Shooting Value: 4
Checking Value: 12
Saving Value: 18
]]></system-out>
  </testcase>
  <testcase name="setLastName" classname="dhl.stateMachineNew.PlayerDraftTest" time="0"/>
  <testcase name="getCheckingForDefense" classname="dhl.stateMachineNew.PlayerDraftTest" time="0.001"/>
  <testcase name="getLastName" classname="dhl.stateMachineNew.PlayerDraftTest" time="0.001"/>
  <testcase name="generateAge" classname="dhl.stateMachineNew.PlayerDraftTest" time="0"/>
  <testcase name="generateDay" classname="dhl.stateMachineNew.PlayerDraftTest" time="0.001"/>
  <testcase name="getShootingForGoalie" classname="dhl.stateMachineNew.PlayerDraftTest" time="0.001"/>
  <testcase name="getSkatingValueForGoalie" classname="dhl.stateMachineNew.PlayerDraftTest" time="0"/>
  <testcase name="generateDefensePlayers" classname="dhl.stateMachineNew.PlayerDraftTest" time="0"/>
  <testcase name="getSavingForDefense" classname="dhl.stateMachineNew.PlayerDraftTest" time="0"/>
  <testcase name="getSkatingValueForForward" classname="dhl.stateMachineNew.PlayerDraftTest" time="0.001"/>
  <testcase name="setFirstName" classname="dhl.stateMachineNew.PlayerDraftTest" time="0"/>
  <testcase name="getDraftingPlayerList" classname="dhl.stateMachineNew.PlayerDraftTest" time="0"/>
  <testcase name="getShootingForDefense" classname="dhl.stateMachineNew.PlayerDraftTest" time="0.001"/>
  <testcase name="generateYear" classname="dhl.stateMachineNew.PlayerDraftTest" time="0.003"/>
  <testcase name="generateMonth" classname="dhl.stateMachineNew.PlayerDraftTest" time="0.001"/>
</testsuite>